250.00		250.0		9.89478550063e-05		0.000467499670313		8.32136315946e-07		8.66343163395e-07		0.259722039063		0.025334709032
251.00		251.0		0.000101711567088		0.000469451117598		8.34203690571e-07		8.61381759086e-07		0.259767108011		0.0248897480573
252.00		252.0		0.000104497621613		0.000471313278894		8.36068864769e-07		8.5640286743e-07		0.25976260962		0.0244524559172
253.00		253.0		0.000107302965394		0.000473084026249		8.37731676902e-07		8.51411902773e-07		0.259707963466		0.024022828898
254.00		254.0		0.000110124595688		0.0004747614202		8.39192646881e-07		8.46413900356e-07		0.259602701334		0.0236008492795
255.00		255.0		0.00011295954259		0.000476343736453		8.40452803409e-07		8.41413474707e-07		0.25944647955		0.0231864849844
256.00		256.0		0.000115804902809		0.000477829405563		8.41513676141e-07		8.36414814171e-07		0.259239043817		0.0227796902565
257.00		257.0		0.000118657969363		0.000479216992399		8.42377554644e-07		8.31421330732e-07		0.258980216385		0.0223803970313
258.00		258.0		0.000121516110816		0.00048050517373		8.43046791454e-07		8.26435822938e-07		0.258669882499		0.0219885205777
259.00		259.0		0.000124376955377		0.000481692729115		8.43524223383e-07		8.21460262138e-07		0.258307984296		0.0216039548721
260.00		260.0		0.000127238271302		0.000482778392053		8.4381282473e-07		8.16495844291e-07		0.257894440199		0.021226575218
261.00		261.0		0.000130098089301		0.000483760955753		8.43915693589e-07		8.1154284468e-07		0.257429201656		0.0208562356497
262.00		262.0		0.000132954630909		0.000484639102301		8.4383582453e-07		8.06600588138e-07		0.256912161949		0.0204927694728
263.00		263.0		0.000135806417853		0.000485411411464		8.43576202249e-07		8.0166755138e-07		0.256343161947		0.0201359931149
264.00		264.0		0.000138652141301		0.000486076257388		8.43139422349e-07		7.96741173493e-07		0.255721936757		0.0197857024946
265.00		265.0		0.000141490776032		0.000486631812818		8.4252785509e-07		7.91817874308e-07		0.255048119926		0.0194416747634
266.00		266.0		0.000144321525172		0.000487075955057		8.41743418935e-07		7.8689317216e-07		0.25432119625		0.0191036723699
267.00		267.0		0.000147143793796		0.000487406182742		8.40787377701e-07		7.81961493198e-07		0.253540461268		0.0187714394715
268.00		268.0		0.000149957156754		0.000487619544622		8.39660309133e-07		7.77016344155e-07		0.252704987885		0.0184447072338
269.00		269.0		0.000152761376734		0.000487712666937		8.38361929529e-07		7.72050267345e-07		0.251813644639		0.0181231936886
270.00		270.0		0.000155556310859		0.000487681541904		8.36891150793e-07		7.67054794496e-07		0.250864990692		0.017806603592
271.00		271.0		0.000158341906609		0.000487521547519		8.35245646563e-07		7.62020550392e-07		0.249857291676		0.0174946317491
272.00		272.0		0.000161118114271		0.000487227364186		8.33422041778e-07		7.56937269633e-07		0.24878848253		0.017186964164
273.00		273.0		0.000163884816581		0.000486792851478		8.31415504589e-07		7.517938185e-07		0.247656110845		0.016883279243
274.00		274.0		0.000166641755533		0.000486211044606		8.2921972486e-07		7.46578328578e-07		0.246457342156		0.0165832514137
275.00		275.0		0.000169388470983		0.000485474061203		8.2682695304e-07		7.41278077031e-07		0.245188919799		0.0162865489529
276.00		276.0		0.00017212414887		0.000484572966799		8.24227500185e-07		7.35879741514e-07		0.243847104871		0.0159928401029
277.00		277.0		0.000174847487976		0.000483497819893		8.21409752534e-07		7.30369460727e-07		0.242427707528		0.0157017946244
278.00		278.0		0.00017755665121		0.000482237552441		8.18360312458e-07		7.24732673613e-07		0.240926035392		0.0154130805415
279.00		279.0		0.000180248955692		0.000480779825497		8.15063175048e-07		7.18954639898e-07		0.239336830693		0.0151263754326
280.00		280.0		0.000182920869504		0.000479111205164		8.11500246442e-07		7.13020307082e-07		0.237654367641		0.0148413633973
281.00		281.0		0.000185567669413		0.000477216885088		8.0765072465e-07		7.0691452313e-07		0.235872323591		0.0145577393276
282.00		282.0		0.000188183340143		0.000475080845685		8.03491405863e-07		7.00622148132e-07		0.233983868048		0.0142752108429
283.00		283.0		0.000190760221153		0.00047268578745		7.98995848699e-07		6.94128175624e-07		0.231981638914		0.013993500287
284.00		284.0		0.000193288840615		0.000470013122431		7.94134986435e-07		6.87418245697e-07		0.229857747668		0.0137123544015
285.00		285.0		0.000195757545227		0.000467043109517		7.88876394696e-07		6.80478497033e-07		0.22760385454		0.0134315403273
286.00		286.0		0.000198152292942		0.000463754877294		7.83184480492e-07		6.73295924125e-07		0.225211187497		0.0131508516984
287.00		287.0		0.000200456190162		0.000460126574564		7.77020236164e-07		6.65858706686e-07		0.222670622612		0.012870113797
288.00		288.0		0.000202649256073		0.000456135594893		7.70341252967e-07		6.58156525818e-07		0.219972798463		0.0125891881062
289.00		289.0		0.000204708018925		0.000451758752967		7.63101402435e-07		6.50180668767e-07		0.217108205001		0.0123079725457
290.00		290.0		0.000206605131556		0.000446972665341		7.55250991643e-07		6.41924508999e-07		0.214067368458		0.012026408686
291.00		291.0		0.00020830901283		0.000441754003877		7.46736661211e-07		6.33383738698e-07		0.210840971686		0.0117444838901
292.00		292.0		0.000209783502482		0.000436080179507		7.37501358378e-07		6.24556795795e-07		0.207420176706		0.0114622368475
293.00		293.0		0.000210987509028		0.000429929692051		7.27484022443e-07		6.1544507664e-07		0.203796782353		0.0111797588289
294.00		294.0		0.00021187473792		0.000423282922842		7.16620240726e-07		6.06053443112e-07		0.199963587888		0.0108972001045
295.00		295.0		0.000212393501887		0.000416122927866		7.04841785156e-07		5.96390404797e-07		0.195914749466		0.0106147701349
296.00		296.0		0.000212486556065		0.000408436183777		6.9207684616e-07		5.86468552669e-07		0.191646107253		0.0103327421203
297.00		297.0		0.000212091111568		0.000400213764036		6.78250102778e-07		5.76304860084e-07		0.187155707088		0.0100514549003
298.00		298.0		0.000211139075122		0.000391452207494		6.6328291469e-07		5.65920922203e-07		0.182444168295		0.00977131361031
299.00		299.0		0.000209557354393		0.000382154852081		6.47093353226e-07		5.55343322958e-07		0.177515260164		0.00949279241237
300.00		300.0		0.000207268441106		0.0003723327877		6.29596192725e-07		5.44603759124e-07		0.172376290602		0.00921643288392
301.00		301.0		0.000204191402714		0.000362006116115		6.10703358823e-07		5.33739291347e-07		0.167038628698		0.00894284455997
302.00		302.0		0.000200242825941		0.000351204981317		5.90323546055e-07		5.22792486497e-07		0.161518111349		0.00867270357176
303.00		303.0		0.000195338406356		0.000339970375809		5.68362610322e-07		5.11811543615e-07		0.155835339113		0.00840675102783
304.00		304.0		0.000189394471793		0.000328354852979		5.44723273131e-07		5.00850330266e-07		0.150015923327		0.00814578996622
305.00		305.0		0.000182329878704		0.000316422813885		5.19305045336e-07		4.89968437398e-07		0.144090534556		0.0078906827185
306.00		306.0		0.000174067968685		0.000304250388173		4.9200389868e-07		4.79231200373e-07		0.138094765874		0.0076423478264
307.00		307.0		0.000164538599563		0.000291925160462		4.62711956772e-07		4.68709748791e-07		0.13206892891		0.00740175753369
308.00		308.0		0.000153680015298		0.000279545143047		4.31316751516e-07		4.58481089423e-07		0.126057514		0.00716993588503
309.00		309.0		0.000141440621492		0.000267217462617		3.9770045287e-07		4.48628158885e-07		0.12010853228		0.00694795641257
310.00		310.0		0.000127780443912		0.000255056888731		3.61738895993e-07		4.39240119155e-07		0.114272799611		0.0067369436288
311.00		311.0		0.000112672228622		0.000243183777719		3.23300256995e-07		4.30412743908e-07		0.108602973258		0.00653807576275
312.00		312.0		9.61021990419e-05		0.000231722065707		2.82243628191e-07		4.22248864301e-07		0.103152628965		0.00635258818208
313.00		313.0		7.80702590944e-05		0.000220797083064		2.38417147827e-07		4.14859293209e-07		0.097975276475		0.00618178369483
314.00		314.0		5.85898812031e-05		0.000210533368437		1.91655883905e-07		4.08363722915e-07		0.0931233936825		0.00602704181399
315.00		315.0		3.76875185457e-05		0.000201052696502		1.41779423017e-07		4.02892325292e-07		0.0886475734137		0.00588983769846
316.00		316.0		1.54016721059e-05		0.000192472156538		8.85890245999e-08		3.98587412547e-07		0.0845957087455		0.00577176082148
317.00		317.0		-8.21836756271e-06		0.000184902617058		3.18643029903e-08		3.95605939124e-07		0.0810123628893		0.00567454455732
318.00		318.0		-3.31139758382e-05		0.000178447395062		-2.86404924821e-08		3.94122324853e-07		0.0779382403312		0.00560009855625
319.00		319.0		-5.92189132072e-05		0.000173201371884		-9.32009710087e-08		3.94332417477e-07		0.0754098623666		0.00555055520328
320.00		320.0		-8.64609949038e-05		0.000169250343526		-1.62127528033e-07		3.9645796583e-07		0.0734593504889		0.00552832043175
321.00		321.0		-0.000114763899438		0.00016667088661		-2.35771270402e-07		4.00752905791e-07		0.0721144369202		0.00553614653771
322.00		322.0		-0.000144048867199		0.000165530358719		-3.14530872101e-07		4.07510477934e-07		0.0713985329187		0.00557721207505
323.00		323.0		-0.000174236297626		0.000165887428953		-3.98860542533e-07		4.17073061936e-07		0.0713310238017		0.00565523384287
324.00		324.0		-0.000205247153148		0.000167792736864		-4.89279233683e-07		4.29844015172e-07		0.0719276135392		0.00577459922111
325.00		325.0		-0.000237004195584		0.00017128978558		-5.86381619427e-07		4.46303029295e-07		0.0732007630682		0.00594053755748
326.00		326.0		-0.000269432976971		0.000176416054762		-6.90850837705e-07		4.67025856216e-07		0.0751602141967		0.00615933916659
327.00		327.0		-0.000302462569205		0.000183204222195		-8.03473260696e-07		4.9270982459e-07		0.077813550032		0.00643863725875
328.00		328.0		-0.00033602600423		0.000191683460718		-9.2515581518e-07		5.24207157196e-07		0.0811667770656		0.00678777455258
329.00		329.0		-0.000370060645331		0.000201880712082		-1.05694604202e-06		5.62568585101e-07		0.0852248868972		0.00721828087351
330.00		330.0		-0.00040450800508		0.000213822021187		-1.20005452499e-06		6.09101515321e-07		0.0899924331597		0.00774450838907
331.00		331.0		-0.000439313667774		0.000227533791342		-1.3558800099e-06		6.65447908752e-07		0.0954740648465		0.00838447892607
332.00		332.0		-0.000474426899897		0.000243043977975		-1.5260357001e-06		7.33689468518e-07		0.101675024253		0.00916102415642
333.00		333.0		-0.000509799939043		0.000260383175056		-1.71237377562e-06		8.1649183835e-07		0.108601591198		0.0101033440337
334.00		334.0		-0.00054538736716		0.00027958568934		-1.91700333544e-06		9.1730360001e-07		0.116261514197		0.0112491495825
335.00		335.0		-0.000581145179483		0.000300690322168		-2.14229007062e-06		1.04063298545e-06		0.124664312673		0.0126476302592
336.00		336.0		-0.000617029897779		0.00032374133409		-2.39081631069e-06		1.1924384215e-06		0.133821649343		0.014363627144
337.00		337.0		-0.000652997229223		0.00034878891713		-2.66525827292e-06		1.38067856892e-06		0.143747493047		0.0164834788558
338.00		338.0		-0.000689001091692		0.000375889965327		-2.96810433738e-06		1.61609375001e-06		0.154458401269		0.0191232826489
339.00		339.0		-0.000724992074195		0.000405108320465		-3.30105930026e-06		1.91330484663e-06		0.165973582623		0.0224404246629
340.00		340.0		-0.000760916230675		0.00043651517286		-3.66384605325e-06		2.29232916499e-06		0.178315021593		0.0266493255983
341.00		341.0		-0.00079671336133		0.000470189323919		-4.05186258509e-06		2.78056129635e-06		0.19150754477		0.0320416838228
342.00		342.0		-0.000832315559615		0.000506217160996		-4.45169277565e-06		3.41502502909e-06		0.205578769085		0.0390087080651
343.00		343.0		-0.000867645301218		0.00054469240805		-4.83276342751e-06		4.24391715487e-06		0.220558960176		0.048054109271
344.00		344.0		-0.000902613692717		0.000585716174545		-5.13273769748e-06		5.32431473236e-06		0.236481013624		0.0597632746728
345.00		345.0		-0.000937118352938		0.000629396060614		-5.23515474419e-06		6.70788119959e-06		0.253380056608		0.0746404194682
346.00		346.0		-0.000971041453114		0.000675845787646		-4.94629317433e-06		8.39816364894e-06		0.271293267359		0.0926407433173
347.00		347.0		-0.00100424737953		0.000725183958655		-4.00617853347e-06		1.02621134516e-05		0.290259349445		0.112226231946
348.00		348.0		-0.00103658044303		0.000777532858159		-2.21089401186e-06		1.19284189489e-05		0.310318030874		0.129327578602
349.00		349.0		-0.00106786212024		0.000833016550794		3.28663678487e-07		1.28399843272e-05		0.331509292739		0.138017516048
350.00		350.0		-0.00109788885566		0.000891758615239		3.05366615164e-06		1.26182910954e-05		0.353872466365		0.134475263286
351.00		351.0		-0.00112642943855		0.000953880026786		5.29033015766e-06		1.14133407725e-05		0.377445404711		0.120597256824
352.00		352.0		-0.00115322223903		0.00101949517385		6.71856448875e-06		9.73875302299e-06		0.402262931601		0.10202846574
353.00		353.0		-0.00117797276222		0.00108870756068		7.4160899861e-06		8.05335546871e-06		0.428355193847		0.0836563182156
354.00		354.0		-0.00120035189427		0.00116160627544		7.61586166902e-06		6.58614812815e-06		0.455746341589		0.0678371669345
355.00		355.0		-0.00121999347187		0.00123825872366		7.52907583549e-06		5.39252612199e-06		0.484451769819		0.0550748334669
356.00		356.0		-0.0012364935522		0.00131870499421		7.29734089606e-06		4.44853843781e-06		0.51447604331		0.0450519245155
357.00		357.0		-0.00124940977062		0.0014029498561		7.0034381258e-06		3.70773237058e-06		0.545809934678		0.0372348599346
358.00		358.0		-0.00125826211996		0.00149095495375		6.69217794686e-06		3.1247653558e-06		0.578427589135		0.0311181897919
359.00		359.0		-0.00126253511276		0.00158262814182		6.38639663659e-06		2.66236723211e-06		0.612282629921		0.0262924228315
360.00		360.0		-0.00126168148671		0.00167781471785		6.09685352409e-06		2.29184075936e-06		0.647305060897		0.0224451716396
361.00		361.0		-0.00125512861109		0.00177628535777		5.82787999108e-06		1.99165865543e-06		0.683396952052		0.0193436887933
362.00		362.0		-0.0012422870772		0.00187772686189		5.58047712729e-06		1.74578680423e-06		0.72042927482		0.0168155659687
363.00		363.0		-0.00122256196421		0.00198173106879		5.3539944721e-06		1.54226744513e-06		0.758238088763		0.014732817547
364.00		364.0		-0.00119536767998		0.00208778667006		5.14702480171e-06		1.37212347262e-06		0.796621897917		0.0129997510974
365.00		365.0		-0.00116014630562		0.00219526946037		4.95788225576e-06		1.22856229782e-06		0.835338455239		0.0115442197295
366.00		366.0		-0.0011163875099		0.00230344294704		4.78483595314e-06		1.10638700599e-06		0.874105550636		0.0103112141009
367.00		367.0		-0.00106365360299		0.0024114535775		4.62623802393e-06		1.00158727542e-06		0.912599749282		0.00925841406602
368.00		368.0		-0.00100160474086		0.00251833798061		4.48057313331e-06		9.1103494021e-07		0.95045968471		0.00835290556908
369.00		369.0		-0.000930024420888		0.00262303546306		4.34647368099e-06		8.32264997741e-07		0.98729127637		0.00756882607798
370.00		370.0		-0.000848846841342		0.00272440266512		4.22272345491e-06		7.63319145686e-07		1.02267367309		0.00688568224881
371.00		371.0		-0.000758179377461		0.00282124082165		4.10824593379e-06		7.02626386804e-07		1.05616981943		0.00628707615374
372.00		372.0		-0.000658320483934		0.00291232718907		4.00209173736e-06		6.4891543643e-07		1.08733840691		0.00575977183595
373.00		373.0		-0.00054977177381		0.00299645177739		3.90342447889e-06		6.011501689e-07		1.1157476085		0.00529300704789
374.00		374.0		-0.000433240669508		0.00307245935255		3.81150747135e-06		5.58479201455e-07		1.14099054982		0.00487795951639
375.00		375.0		-0.000309634381108		0.00313929152494		3.72569273089e-06		5.20198633305e-07		1.16270056479		0.00450735119513
376.00		376.0		-0.000180039835194		0.00319603016035		3.64540636272e-06		4.85721755545e-07		1.18056669635		0.00417513012423
377.00		377.0		-4.56968538331e-05		0.00324193365163		3.57014212009e-06		4.54556975531e-07		1.19434632023		0.00387623653262
378.00		378.0		9.20389409164e-05		0.00327646756985		3.49945069364e-06		4.26290045798e-07		1.20387550332		0.00360641571139
379.00		379.0		0.000231741875512		0.00329932540636		3.43293272208e-06		4.00569392237e-07		1.20907556668		0.00336206515704
380.00		380.0		0.00037196111054		0.0033104372678		3.37023374608e-06		3.77095960104e-07		1.20995514174		0.00314012606736
381.00		381.0		0.000511272351978		0.00330996776966		3.31103607319e-06		3.55613207882e-07		1.20660825666		0.00293798077766
382.00		382.0		0.000648320416091		0.00329830203613		3.25505626214e-06		3.35900650242e-07		1.19920812832		0.00275338378237
383.00		383.0		0.000781861527313		0.00327602133271		3.20203942225e-06		3.17767469666e-07		1.1879972921		0.0025843962851
384.00		384.0		0.000910792776296		0.00324387211728		3.15175724029e-06		3.01048192772e-07		1.17327550538		0.002429340249
385.00		385.0		0.00103417554593		0.00320272955091		3.10400340721e-06		2.85598646998e-07		1.15538584088		0.00228675665355
386.00		386.0		0.00115124712007		0.00315355981771		3.05859182688e-06		2.71292759905e-07		1.13470056769		0.00215537223438
387.00		387.0		0.00126142681483		0.00309738054489		3.01535369939e-06		2.58019659472e-07		1.11160656937		0.00203407001104
388.00		388.0		0.00136430786461		0.00303522830818		2.97413596172e-06		2.45681885722e-07		1.08649352383		0.00192186976427
389.00		389.0		0.00145964828377		0.00296812644577		2.93480002826e-06		2.34193271443e-07		1.05974237567		0.00181790675563
390.00		390.0		0.00154735473558		0.00289705970723		2.89721903475e-06		2.23477341818e-07		1.03171641995		0.0017214153453
391.00		391.0		0.0016274630912		0.00282295469175		2.8612773604e-06		2.13466142826e-07		1.00275457934		0.00163171657389
392.00		392.0		0.00170011717221		0.00274666706268		2.82686968297e-06		2.040992394e-07		0.973167184905		0.00154820754442
393.00		393.0		0.00176555030326		0.00266896927494		2.7938987217e-06		1.95322346472e-07		0.943232002737		0.00147034847712
394.00		394.0		0.00182406272713		0.00259055066852		2.76227623163e-06		1.87087059548e-07		0.913194680105		0.0013976585255
395.00		395.0		0.00187600605133		0.00251201162415		2.73191993488e-06		1.79349657439e-07		0.883267097101		0.00132970486851
396.00		396.0		0.00192176522361		0.00243386977014		2.70275474284e-06		1.72070891663e-07		0.853629969887		0.00126609952444
397.00		397.0		0.00196174517958		0.00235656356882		2.67471170281e-06		1.65215402562e-07		0.824434497908		0.0012064935566
398.00		398.0		0.00199636017276		0.00228045506662		2.6477262175e-06		1.5875100914e-07		0.79580369438		0.00115057060049
399.00		399.0		0.00202602316426		0.00220584044966		2.62173927376e-06		1.52648714104e-07		0.767836413833		0.00109804580572
400.00		400.0		0.00205113911151		0.00213295521928		2.59669606575e-06		1.46882136621e-07		0.740609451141		0.00104866072196
401.00		401.0		0.00207209954917		0.00206198053092		2.57254545652e-06		1.41427219047e-07		0.714180012096		0.00100218033827
402.00		402.0		0.00208927836923		0.00199305086101		2.54923996017e-06		1.36262028316e-07		0.688588605931		0.00095839090636
403.00		403.0		0.00210302904363		0.00192626202551		2.52673596367e-06		1.31366639866e-07		0.663862015962		0.000917098424488
404.00		404.0		0.00211368313899		0.00186167405807		2.50499213443e-06		1.26722708477e-07		0.640014458908		0.000878125007992
405.00		405.0		0.00212154943679		0.00179931880815		2.48397013284e-06		1.22313434906e-07		0.617050345731		0.00084130813271
406.00		406.0		0.00212691380915		0.0017392050999		2.46363453173e-06		1.18123501243e-07		0.594966167179		0.000806499689845
407.00		407.0		0.00213003965343		0.00168132160795		2.44395191048e-06		1.14138757288e-07		0.573751572465		0.000773563387096
408.00		408.0		0.00213116825809		0.00162564048201		2.42489064901e-06		1.10346100162e-07		0.553390686959		0.000742373556717
409.00		409.0		0.00213052047571		0.00157212313434		2.4064220379e-06		1.06733644042e-07		0.533864145049		0.000712815947392
410.00		410.0		0.00212829692655		0.00152071922415		2.38851819114e-06		1.03290220248e-07		0.515148788668		0.000684784036387
411.00		411.0		0.00212468006539		0.00147137243077		2.37115355017e-06		1.00005643857e-07		0.497219664358		0.000658180541871
412.00		412.0		0.00211983501511		0.00142401980296		2.35430367312e-06		9.68704002146e-08		0.480049825702		0.000632915075235
413.00		413.0		0.00211391113983		0.00137859590612		2.33794616087e-06		9.38757518252e-08		0.463611752126		0.000608904617489
414.00		414.0		0.00210704289939		0.00133503149032		2.32205921655e-06		9.10135154308e-08		0.44787690899		0.000586071847775
415.00		415.0		0.00209935151324		0.00129325674234		2.3066228052e-06		8.82761591298e-08		0.432816848173		0.000564345586509
416.00		416.0		0.00209094589406		0.00125320120723		2.29161783503e-06		8.56566341382e-08		0.418403180833		0.000543659532371
417.00		417.0		0.00208192363808		0.00121479427806		2.27702618438e-06		8.31483743593e-08		0.404607739827		0.000523952108057
418.00		418.0		0.00207237258606		0.00117796711583		2.26283107805e-06		8.07453160408e-08		0.39140321499		0.000505166435949
419.00		419.0		0.00206237104526		0.00114265148818		2.2490163747e-06		7.84417614084e-08		0.378762757948		0.000487249343365
420.00		420.0		0.00205198913792		0.0011087808949		2.23556674304e-06		7.6232392685e-08		0.366660348842		0.000470151335517
421.00		421.0		0.00204128930241		0.00107629069229		2.22246780191e-06		7.41122356111e-08		0.355070827489		0.000453826258621
422.00		422.0		0.0020303276828		0.0010451188789		2.2097060365e-06		7.20766650251e-08		0.343970141818		0.000438231231288
423.00		423.0		0.00201915392653		0.00101520498574		2.19726837834e-06		7.01213349481e-08		0.333334970362		0.000423326121469
424.00		424.0		0.00200781231857		0.000986491322877		2.18514255411e-06		6.82421684812e-08		0.323143122012		0.000409073402523
425.00		425.0		0.00199634223046		0.000958922255621		2.17331693168e-06		6.64353411522e-08		0.313373286151		0.000395437975092
426.00		426.0		0.00198477866229		0.000932444666897		2.16178044866e-06		6.46972765699e-08		0.304005173088		0.000382387067982
427.00		427.0		0.00197315254014		0.000907007821227		2.15052253327e-06		6.30246163918e-08		0.295019457854		0.000369889991338
428.00		428.0		0.00196149116857		0.000882562944149		2.13953306662e-06		6.14141674863e-08		0.286397632447		0.000357917766165
429.00		429.0		0.00194981891461		0.000859064027533		2.12880259024e-06		5.98629846602e-08		0.278122257036		0.000346443552957
430.00		430.0		0.00193815715715		0.000836466921714		2.11832202001e-06		5.83682510002e-08		0.2701766543		0.000335441898521
431.00		431.0		0.00192652451855		0.000814729509927		2.10808249114e-06		5.69273026153e-08		0.262544956795		0.000324888837305
432.00		432.0		0.00191493760432		0.00079381209956		2.09807591587e-06		5.55376856619e-08		0.255212223367		0.000314762170849
433.00		433.0		0.0019034108507		0.000773676687177		2.08829432086e-06		5.41970333327e-08		0.248164192705		0.000305040721661
434.00		434.0		0.00189195679843		0.000754287193977		2.07873014321e-06		5.29031217947e-08		0.241387350863		0.000295704617407
435.00		435.0		0.00188058652472		0.000735609564227		2.06937627784e-06		5.16538818898e-08		0.234868954096		0.000286735317347
436.00		436.0		0.00186930951326		0.000717611116132		2.06022569248e-06		5.04473085968e-08		0.228596813243		0.000278115073459
437.00		437.0		0.00185813381338		0.000700261020242		2.05127189225e-06		4.9281536016e-08		0.222559439436		0.000269827319386
438.00		438.0		0.0018470665023		0.000683529947763		2.042508472e-06		4.81547901124e-08		0.216745924583		0.000261856378356
439.00		439.0		0.0018361134998		0.000667390117767		2.0339294779e-06		4.70653905087e-08		0.211145949686		0.000254187447446
440.00		440.0		0.00182527997415		0.000651815269607		2.02552911189e-06		4.60117645456e-08		0.205749769447		0.000246806647887
441.00		441.0		0.0018145698629		0.000636780090381		2.01730181606e-06		4.49923746585e-08		0.200548025441		0.000239700611128
442.00		442.0		0.00180398689005		0.00062226101122		2.00924224591e-06		4.4005812943e-08		0.195531991962		0.000232856966004
443.00		443.0		0.00179353364264		0.000608235379325		2.00134541692e-06		4.30507151557e-08		0.190693309294		0.000226263856922
444.00		444.0		0.00178321229953		0.000594681692518		1.99360626589e-06		4.21257872863e-08		0.186024052965		0.000219910068766
445.00		445.0		0.00177302461771		0.000581579695143		1.98602020276e-06		4.12298108995e-08		0.181516758784		0.000213785036468
446.00		446.0		0.0017629717626		0.000568909970401		1.97858272733e-06		4.0361616987e-08		0.177164290733		0.000207878691718
447.00		447.0		0.00175305468067		0.000556654243533		1.97128951003e-06		3.9520106333e-08		0.172959931498		0.000202181553532
448.00		448.0		0.00174327346172		0.000544794922923		1.96413629124e-06		3.87042145113e-08		0.168897235529		0.0001966845336
449.00		449.0		0.0017336285027		0.00053331549505		1.95711908718e-06		3.79129452922e-08		0.164970148184		0.000191379094504
450.00		450.0		0.00172411956001		0.000522200190763		1.95023415491e-06		3.71453400588e-08		0.161172898384		0.000186257080589
451.00		451.0		0.00171474613193		0.000511434007176		1.94347769703e-06		3.64004924925e-08		0.15750000221		0.000181310780827
452.00		452.0		0.00170550769482		0.000501002705185		1.93684613045e-06		3.56775361542e-08		0.153946258968		0.000176532854904
453.00		453.0		0.00169640329646		0.000490892683578		1.93033611006e-06		3.49756422222e-08		0.150506709461		0.00017191631199
454.00		454.0		0.00168743203628		0.000481091044277		1.92394422119e-06		3.42940222437e-08		0.147176653291		0.000167454514674
455.00		455.0		0.00167859257323		0.000471585427933		1.91766725513e-06		3.3631916827e-08		0.143951595828		0.000163141114395
456.00		456.0		0.00166988386208		0.000462364233199		1.9115022311e-06		3.29886153482e-08		0.140827312743		0.000158970138739
457.00		457.0		0.00166130441165		0.000453416232633		1.90544621318e-06		3.23634287988e-08		0.137799730316		0.000154935850852
458.00		458.0		0.00165285269366		0.000444730813243		1.89949618365e-06		3.17556988511e-08		0.134864996738		0.000151032786475
459.00		459.0		0.00164452714383		0.000436297827196		1.89364946891e-06		3.1164799009e-08		0.132019434518		0.000147255752025
460.00		460.0		0.00163632624838		0.000428107657992		1.88790334225e-06		3.05901286296e-08		0.129259558572		0.000143599789196
461.00		461.0		0.00162824837595		0.000420151082357		1.88225538822e-06		3.00311171971e-08		0.126582032525		0.000140060188625
462.00		462.0		0.00162029151641		0.000412419264545		1.87670294851e-06		2.94872092106e-08		0.123983665388		0.000136632413125
463.00		463.0		0.00161245422876		0.000404903889276		1.87124370299e-06		2.89578868131e-08		0.121461449867		0.000133312197535
464.00		464.0		0.00160473452251		0.000397596896161		1.86587525211e-06		2.84426412434e-08		0.119012480891		0.000130095410557
465.00		465.0		0.00159713072415		0.000390490617872		1.86059541977e-06		2.79409879826e-08		0.11663399578		0.000126978120395
466.00		466.0		0.0015896408682		0.000383577790132		1.85540204612e-06		2.74524676968e-08		0.114323375695		0.000123956593682
467.00		467.0		0.00158226331551		0.000376851454403		1.85029299577e-06		2.6976641803e-08		0.112078115157		0.000121027270243
468.00		468.0		0.00157499595651		0.000370304838356		1.84526616626e-06		2.65130760707e-08		0.109895785362		0.00011818668542
469.00		469.0		0.00156783719391		0.000363931638722		1.84031973127e-06		2.60613684124e-08		0.107774117129		0.000115431591026
470.00		470.0		0.00156078523259		0.000357725740812		1.8354517674e-06		2.56211302519e-08		0.105710916316		0.000112758867342
471.00		471.0		0.00155383798358		0.000351681256855		1.83066025538e-06		2.51919785757e-08		0.103704074326		0.000110165485096
472.00		472.0		0.00154699388714		0.000345792630126		1.82594356538e-06		2.47735580765e-08		0.101751597848		0.000107648599608
473.00		473.0		0.00154025109611		0.000340054492075		1.82129999502e-06		2.43655198366e-08		0.0998515656786		0.00010520545367
474.00		474.0		0.00153360774898		0.000334461709874		1.81672768896e-06		2.39675323528e-08		0.0980021418995		0.000102833422801
475.00		475.0		0.00152706206549		0.000329009360316		1.81222521946e-06		2.35792732444e-08		0.0962015673437		0.000100529976398
476.00		476.0		0.00152061244581		0.000323692759219		1.80779085766e-06		2.32004405727e-08		0.0944481673724		9.82927233959e-05
477.00		477.0		0.00151425700199		0.000318507367911		1.80342315817e-06		2.2830735078e-08		0.0927403237571		9.61193337315e-05
478.00		478.0		0.00150799422152		0.00031344885882		1.79912063593e-06		2.24698738853e-08		0.0910764931484		9.40075943611e-05
479.00		479.0		0.00150182230598		0.0003085131062		1.79488176924e-06		2.21175842119e-08		0.0894552036071		9.19553800156e-05
480.00		480.0		0.00149573964902		0.000303696069543		1.79070526619e-06		2.17735983829e-08		0.0878750201223		8.996063041e-05
481.00		481.0		0.00148974455121		0.000298993945785		1.78658972716e-06		2.14376680015e-08		0.0863345881802		8.8021406919e-05
482.00		482.0		0.00148383541535		0.00029440303233		1.78253373349e-06		2.11095413561e-08		0.0848325934561		8.61357971099e-05
483.00		483.0		0.00147801075143		0.000289919851641		1.77853612279e-06		2.07889927649e-08		0.0833677972283		8.43020333937e-05
484.00		484.0		0.0014722690821		0.000285541011751		1.77459573267e-06		2.04757942967e-08		0.0819389955666		8.25183750386e-05
485.00		485.0		0.00146660864431		0.000281263201477		1.77071112788e-06		2.01697217036e-08		0.080545017605		8.07831315245e-05
486.00		486.0		0.00146102808714		0.000277083326371		1.76688133727e-06		1.98705700487e-08		0.079184764052		7.90947236164e-05
487.00		487.0		0.00145552587804		0.000272998345545		1.76310503349e-06		1.95781325531e-08		0.0778571599205		7.74515966615e-05
488.00		488.0		0.00145010080864		0.000269005397975		1.75938137618e-06		1.92922200132e-08		0.0765611902252		7.58522965542e-05
489.00		489.0		0.00144475108275		0.000265101656353		1.75570898222e-06		1.90126351973e-08		0.0752958578599		7.42953669699e-05
490.00		490.0		0.00143947564169		0.00026128447475		1.75208697148e-06		1.87392039765e-08		0.0740602252692		7.27794706821e-05
491.00		491.0		0.00143427294213		0.000257551261203		1.74851430898e-06		1.84717484358e-08		0.0728533778014		7.13032824733e-05
492.00		492.0		0.00142914177846		0.000253899523108		1.74498999904e-06		1.82100979857e-08		0.0716744362883		6.98655317128e-05
493.00		493.0		0.00142408066376		0.00025032683007		1.74151299078e-06		1.79540841048e-08		0.0705225462222		6.84649809547e-05
494.00		494.0		0.00141908845714		0.000246830944557		1.73808248271e-06		1.77035610742e-08		0.0693969142365		6.71005038147e-05
495.00		495.0		0.00141416394997		0.000243409584726		1.73469742748e-06		1.74583645193e-08		0.0682967409444		6.57709257074e-05
496.00		496.0		0.00140930565083		0.000240060628159		1.73135693605e-06		1.72183521379e-08		0.0672212780463		6.44751780653e-05
497.00		497.0		0.00140451263999		0.000236781999826		1.72806028928e-06		1.6983380102e-08		0.0661697965086		6.32122075829e-05
498.00		498.0		0.00139978361263		0.00023357172924		1.7248065279e-06		1.67533117311e-08		0.0651416023094		6.19810080845e-05
499.00		499.0		0.00139511730439		0.000230427856977		1.72159476298e-06		1.65280128349e-08		0.0641360100694		6.07806022199e-05
500.00		500.0		0.00139051282284		0.000227348589984		1.718424398e-06		1.63073596655e-08		0.0631523861068		5.9610069898e-05
501.00		501.0		0.00138596888744		0.000224332065222		1.71529449451e-06		1.6091220167e-08		0.0621900823967		5.84684786605e-05
502.00		502.0		0.00138148437393		0.000221376593069		1.71220430667e-06		1.58794746862e-08		0.0612485040586		5.73549590604e-05
503.00		503.0		0.00137705832013		0.000218480496329		1.70915307219e-06		1.56720124343e-08		0.0603270643718		5.62686902893e-05
504.00		504.0		0.00137268970721		0.000215642179207		1.70614012638e-06		1.54687176288e-08		0.0594252037057		5.52088494647e-05
505.00		505.0		0.00136837745896		0.000212860051832		1.70316468362e-06		1.5269479666e-08		0.0585423684906		5.41746479604e-05
506.00		506.0		0.00136412055479		0.000210132633873		1.70022617665e-06		1.50741936228e-08		0.0576780396006		5.31653323431e-05
507.00		507.0		0.00135991791797		0.000207458455999		1.69732380885e-06		1.48827573118e-08		0.0568317050182		5.21801731819e-05
508.00		508.0		0.00135576887513		0.000204836118769		1.69445701125e-06		1.4695072807e-08		0.0560028758665		5.12184698175e-05
509.00		509.0		0.00135167224347		0.000202264272596		1.69162498597e-06		1.45110433412e-08		0.0551910807128		5.0279538928e-05
510.00		510.0		0.00134762713121		0.000199741596923		1.68882741015e-06		1.43305759494e-08		0.0543958597286		4.93627232711e-05
511.00		511.0		0.0013436327131		0.000197266825449		1.68606338222e-06		1.41535830591e-08		0.0536167714311		4.84673965159e-05
512.00		512.0		0.00133968811541		0.000194838689765		1.68333236477e-06		1.3979970838e-08		0.052853377215		4.75929228069e-05
513.00		513.0		0.00133579241534		0.000192456062338		1.68063383804e-06		1.38096623179e-08		0.0521052800353		4.6738735441e-05
514.00		514.0		0.00133194475959		0.000190117723201		1.67796730307e-06		1.36425687644e-08		0.0513720609601		4.59042386495e-05
515.00		515.0		0.00132814436723		0.000187822609747		1.67533203543e-06		1.34786154667e-08		0.0506533467496		4.50888948376e-05
516.00		516.0		0.00132439041207		0.000185569617218		1.67272758018e-06		1.33177237087e-08		0.0499487557111		4.42921630589e-05
517.00		517.0		0.00132068214333		0.000183357707355		1.67015351301e-06		1.31598183664e-08		0.0492579269705		4.35135243462e-05
518.00		518.0		0.00131701864474		0.000181185837922		1.66760905849e-06		1.30048256778e-08		0.0485805013734		4.27524738583e-05
519.00		519.0		0.00131339944376		0.000179053073713		1.66509385303e-06		1.28526791715e-08		0.0479161511757		4.20085399561e-05
520.00		520.0		0.00130982341482		0.000176958417636		1.66260757437e-06		1.2703305379e-08		0.0472645346251		4.12812369209e-05
521.00		521.0		0.00130629012608		0.000174900970903		1.66014941674e-06		1.25566408233e-08		0.046625338799		4.05701203457e-05
522.00		522.0		0.0013027986122		0.000172879836694		1.65771913692e-06		1.24126203706e-08		0.0459982536969		3.98747486312e-05
523.00		523.0		0.00129934848929		0.000170894145952		1.65531614049e-06		1.2271183215e-08		0.045382979061		3.91947021088e-05
524.00		524.0		0.00129593883617		0.000168943046164		1.65294001071e-06		1.2132266827e-08		0.0447792213116		3.85295632877e-05
525.00		525.0		0.00129256894129		0.00016702574053		1.65059038172e-06		1.19958124927e-08		0.044186703844		3.78789343676e-05
526.00		526.0		0.00128923843719		0.000165141413518		1.64826680411e-06		1.18617646541e-08		0.0436051472111		3.72424346903e-05
527.00		527.0		0.00128594641198		0.000163289295094		1.64596874264e-06		1.17300636228e-08		0.0430342860779		3.66196775871e-05
528.00		528.0		0.00128269227259		0.000161468662572		1.64369585656e-06		1.16006577942e-08		0.0424738695738		3.60103085376e-05
529.00		529.0		0.00127947552076		0.000159678790527		1.64144786805e-06		1.14734960195e-08		0.0419236480064		3.54139807956e-05
530.00		530.0		0.00127629545584		0.000157918951217		1.6392241348e-06		1.13485255774e-08		0.0413833729604		3.48303490107e-05
531.00		531.0		0.00127315151114		0.00015618846756		1.63702436116e-06		1.12256970028e-08		0.0408528111426		3.42590839965e-05
532.00		532.0		0.00127004309981		0.000154486675421		1.63484832289e-06		1.11049614131e-08		0.0403317343935		3.36998642291e-05
533.00		533.0		0.00126696962807		0.000152812937722		1.63269542771e-06		1.09862700456e-08		0.0398199233173		3.31523742988e-05
534.00		534.0		0.00126393061584		0.000151166632298		1.63056544695e-06		1.08695834828e-08		0.0393171640392		3.26163324862e-05
535.00		535.0		0.00126092544516		0.000149547139305		1.62845793074e-06		1.07548516653e-08		0.0388232448872		3.20914302385e-05
536.00		536.0		0.00125795361355		0.00014795386874		1.62637265604e-06		1.06420334351e-08		0.0383379635002		3.15773909649e-05
537.00		537.0		0.0012550145883		0.000146386234506		1.62430917755e-06		1.05310862863e-08		0.0378611200357		3.10739389606e-05
538.00		538.0		0.00125210786077		0.000144843709583		1.62226712907e-06		1.04219710436e-08		0.0373925313876		3.05808131655e-05
539.00		539.0		0.00124923289262		0.000143325718142		1.6202463854e-06		1.03146438026e-08		0.0369320032317		3.00977432894e-05
540.00		540.0		0.00124638925357		0.00014183174508		1.61824628447e-06		1.02090701778e-08		0.0364793583024		2.96244914645e-05
541.00		541.0		0.00124357638876		0.000140361268622		1.61626688017e-06		1.01052093948e-08		0.0360344189315		2.91608054925e-05
542.00		542.0		0.00124079386713		0.000138913785628		1.61430768889e-06		1.00030272745e-08		0.0355970135374		2.87064565471e-05
543.00		543.0		0.00123804123085		0.000137488819482		1.61236829948e-06		9.90248637738e-09		0.0351669785865		2.82612104507e-05
544.00		544.0		0.00123531798085		0.000136085885841		1.61044857498e-06		9.80355117493e-09		0.0347441497755		2.78248425402e-05
545.00		545.0		0.00123262371818		0.000134704532518		1.60854821972e-06		9.70619052926e-09		0.0343283722013		2.73971444499e-05
546.00		546.0		0.00122995797575		0.000133344300693		1.60666688999e-06		9.61036894394e-09		0.0339194904082		2.69778991453e-05
547.00		547.0		0.0012273203031		0.000132004753756		1.60480431124e-06		9.51605502909e-09		0.033517355717		2.65669048321e-05
548.00		548.0		0.00122471032499		0.000130685466665		1.60296023142e-06		9.42321665379e-09		0.0331218234654		2.61639611201e-05
549.00		549.0		0.00122212758415		0.000129386026554		1.60113438895e-06		9.33182509764e-09		0.0327327531253		2.57688804861e-05
550.00		550.0		0.00121957174381		0.000128106036262		1.59932653075e-06		9.24185024492e-09		0.0323500091571		2.53814747618e-05
551.00		551.0		0.00121704231248		0.000126845076876		1.59753632637e-06		9.1532595312e-09		0.0319734515216		2.50015523081e-05
552.00		552.0		0.0012145389648		0.000125602792997		1.59576361269e-06		9.06603077428e-09		0.0316029571751		2.46289530004e-05
553.00		553.0		0.00121206129415		0.000124378792346		1.59400808219e-06		8.98013151692e-09		0.0312383947021		2.42634915956e-05
554.00		554.0		0.00120960891527		0.000123172713639		1.5922694931e-06		8.89553622088e-09		0.0308796414056		2.39050046457e-05
555.00		555.0		0.00120718148018		0.000121984206671		1.59054765537e-06		8.81221956884e-09		0.030526578246		2.35533320405e-05
556.00		556.0		0.00120477861918		0.000120812919286		1.58884228775e-06		8.73015451422e-09		0.0301790865523		2.32083117622e-05
557.00		557.0		0.00120239995582		0.000119658514229		1.5871531624e-06		8.64931723895e-09		0.0298370522214		2.28697930744e-05
558.00		558.0		0.00120004518325		0.000118520663676		1.5854800711e-06		8.56968288078e-09		0.029500364316		2.25376250113e-05
559.00		559.0		0.00119771391312		0.000117399045116		1.58382278965e-06		8.49122797814e-09		0.0291689140121		2.22116628056e-05
560.00		560.0		0.00119540585867		0.000116293346321		1.58218109705e-06		8.41393001294e-09		0.0288425958138		2.18917665601e-05
561.00		561.0		0.00119312062089		0.000115203256543		1.58055477673e-06		8.33776386439e-09		0.0285213053434		2.15777919654e-05
562.00		562.0		0.00119085796611		0.000114128490112		1.57894363696e-06		8.26271177611e-09		0.0282049451641		2.12696160993e-05
563.00		563.0		0.00118861748629		0.000113068735636		1.57734741564e-06		8.18874659253e-09		0.0278934121858		2.09670939601e-05
564.00		564.0		0.00118639892525		0.000112023723194		1.57576597456e-06		8.11585220888e-09		0.0275866142617		2.06701111577e-05
565.00		565.0		0.00118420199307		0.00011099317657		1.57419910771e-06		8.04400626799e-09		0.0272844583505		2.03785392923e-05
566.00		566.0		0.00118202633368		0.000109976818042		1.57264659908e-06		7.9731887199e-09		0.0269868516985		2.00922579141e-05
567.00		567.0		0.00117987166731		0.000108974386109		1.57110824338e-06		7.90338015028e-09		0.0266937061799		1.98111501455e-05
568.00		568.0		0.00117773772849		0.000107985620019		1.56958386779e-06		7.83456042289e-09		0.0264049344726		1.9535099223e-05
569.00		569.0		0.00117562420207		0.000107010268039		1.56807329319e-06		7.76671217736e-09		0.0261204520698		1.9263997189e-05
570.00		570.0		0.00117353081961		0.000106048087859		1.56657635553e-06		7.69981705346e-09		0.0258401773536		1.89977353652e-05
571.00		571.0		0.00117145732827		0.000105098837197		1.56509284458e-06		7.63385693657e-09		0.025564029285		1.87362074458e-05
572.00		572.0		0.00116940342574		0.000104162280525		1.56362258715e-06		7.56881442587e-09		0.0252919290319		1.84793105975e-05
573.00		573.0		0.00116736885825		0.00010323818445		1.56216542826e-06		7.50467268802e-09		0.0250237988293		1.82269450307e-05
574.00		574.0		0.00116535335575		0.00010232633119		1.56072116843e-06		7.44141487239e-09		0.0247595652318		1.79790125249e-05
575.00		575.0		0.00116335668172		0.00010142649411		1.55928967075e-06		7.37902414318e-09		0.0244991531666		1.7735416481e-05
576.00		576.0		0.00116137858402		0.000100538467811		1.55787077712e-06		7.31748633249e-09		0.0242424932029		1.74960682396e-05
577.00		577.0		0.00115941877784		9.96620368027e-05		1.55646430808e-06		7.25678480334e-09		0.0239895139618		1.72608746721e-05
578.00		578.0		0.00115747706368		9.87969956994e-05		1.5550701071e-06		7.19690392573e-09		0.0237401469866		1.70297465357e-05
579.00		579.0		0.00115555319359		9.79431513236e-05		1.55368801995e-06		7.13783094395e-09		0.0234943272221		1.68026027847e-05
580.00		580.0		0.00115364692141		9.71003008932e-05		1.55231789561e-06		7.07954935077e-09		0.0232519877618		1.65793548563e-05
581.00		581.0		0.00115175800312		9.6268252547e-05		1.55095958706e-06		7.02204490689e-09		0.0230130647703		1.63599209016e-05
582.00		582.0		0.00114988624896		9.5446824022e-05		1.54961292931e-06		6.96530507891e-09		0.0227774971416		1.61442243246e-05
583.00		583.0		0.00114803142073		9.46358325884e-05		1.54827780885e-06		6.90931658924e-09		0.0225452240777		1.5932188011e-05
584.00		584.0		0.00114619328318		9.38350934045e-05		1.54695404968e-06		6.85406400614e-09		0.0223161846947		1.57237311192e-05
585.00		585.0		0.00114437162183		9.30444353866e-05		1.54564155287e-06		6.79953557498e-09		0.0220903217917		1.55187824969e-05
586.00		586.0		0.00114256624378		9.22636857841e-05		1.54434013401e-06		6.74571912038e-09		0.0218675781627		1.53172711416e-05
587.00		587.0		0.00114077692514		9.1492677343e-05		1.54304966422e-06		6.69260229206e-09		0.0216478982924		1.51191267635e-05
588.00		588.0		0.00113900348181		9.0731246769e-05		1.541770049e-06		6.6401718551e-09		0.0214312279783		1.49242781837e-05
589.00		589.0		0.00113724568107		8.99792331397e-05		1.5405011084e-06		6.58841684916e-09		0.0212175139454		1.47326604318e-05
590.00		590.0		0.00113550334861		8.92364798676e-05		1.53924274624e-06		6.53732600165e-09		0.0210067043003		1.45442088451e-05
591.00		591.0		0.00113377629778		8.85028294759e-05		1.53799480546e-06		6.4868867433e-09		0.0207987472918		1.43588568914e-05
592.00		592.0		0.00113206429303		8.77781345954e-05		1.53675719136e-06		6.43708817947e-09		0.0205935938897		1.41765427706e-05
593.00		593.0		0.00113036717693		8.70622455084e-05		1.53552974859e-06		6.38791992137e-09		0.0203911948446		1.39972067443e-05
594.00		594.0		0.00112868478042		8.63550230536e-05		1.53431241206e-06		6.33937161921e-09		0.0201915037069		1.38207900757e-05
595.00		595.0		0.00112701688564		8.56563186521e-05		1.5331049802e-06		6.2914317002e-09		0.019994472141		1.36472322762e-05
596.00		596.0		0.00112536333641		8.49660020217e-05		1.53190742059e-06		6.24409148015e-09		0.0198000563995		1.34764800324e-05
597.00		597.0		0.00112372392787		8.42839281195e-05		1.53071953825e-06		6.1973395611e-09		0.0196082095942		1.33084750047e-05
598.00		598.0		0.00112209851804		8.36099687516e-05		1.52954128531e-06		6.15116621172e-09		0.0194188890635		1.31431633207e-05
599.00		599.0		0.00112048693526		8.29439942235e-05		1.52837250237e-06		6.10556266087e-09		0.019232052083		1.2980493971e-05
600.00		600.0		0.00111888899655		8.22858790672e-05		1.52721312848e-06		6.06051901419e-09		0.0190476571915		1.2820414338e-05
601.00		601.0		0.00111730452655		8.16354927019e-05		1.52606298993e-06		6.01602611457e-09		0.0188656620221		1.26628741604e-05
602.00		602.0		0.00111573337698		8.09927166112e-05		1.52492204107e-06		5.97207531881e-09		0.0186860272728		1.25078250146e-05
603.00		603.0		0.00111417540826		8.0357431255e-05		1.52379012322e-06		5.9286574383e-09		0.0185087136666		1.23552180686e-05
604.00		604.0		0.00111263041253		7.97295180492e-05		1.52266718188e-06		5.8857635634e-09		0.0183336824065		1.22050058095e-05
605.00		605.0		0.00111109826751		7.91088575187e-05		1.52155307631e-06		5.84338509194e-09		0.0181608947472		1.20571420766e-05
606.00		606.0		0.00110957882167		7.84953449683e-05		1.52044774527e-06		5.80151432124e-09		0.0179903155868		1.19115832506e-05
607.00		607.0		0.00110807191323		7.78888634456e-05		1.51935104067e-06		5.7601430827e-09		0.01782190725		1.17682854083e-05
608.00		608.0		0.00110657738976		7.72893051958e-05		1.51826289609e-06		5.71926273757e-09		0.0176556344106		1.1627204328e-05
609.00		609.0		0.00110509510858		7.6696566012e-05		1.51718318651e-06		5.67886590356e-09		0.0174914627833		1.14882989958e-05
610.00		610.0		0.00110362493713		7.61105374202e-05		1.51611184269e-06		5.63894448623e-09		0.0173293573361		1.13515275709e-05
611.00		611.0		0.00110216673332		7.55311246502e-05		1.51504879539e-06		5.59949230294e-09		0.0171692863817		1.12168526681e-05
612.00		612.0		0.00110072036555		7.49582249117e-05		1.51399394626e-06		5.56050133289e-09		0.0170112166194		1.10842337796e-05
613.00		613.0		0.00109928563226		7.43917292763e-05		1.51294713733e-06		5.52196225081e-09		0.0168551135754		1.09536284151e-05
614.00		614.0		0.00109786250407		7.38315571172e-05		1.51190835938e-06		5.48387129891e-09		0.0167009494022		1.08250057219e-05
615.00		615.0		0.00109645074031		7.32775997126e-05		1.51087745566e-06		5.44621901788e-09		0.0165486900887		1.06983240704e-05
616.00		616.0		0.00109505027369		7.27297729393e-05		1.50985436058e-06		5.4089994924e-09		0.0163983073907		1.05735493942e-05
617.00		617.0		0.00109366098795		7.21879870163e-05		1.50883907317e-06		5.37220743149e-09		0.0162497719738		1.0450649333e-05
618.00		618.0		0.00109228273747		7.16521443488e-05		1.5078313808e-06		5.33583417055e-09		0.0161030529371		1.03295854561e-05
619.00		619.0		0.00109091534668		7.11221622831e-05		1.50683125776e-06		5.29987380409e-09		0.015958122932		1.02103252289e-05
620.00		620.0		0.00108955875585		7.05979526127e-05		1.5058386526e-06		5.26431984133e-09		0.0158149535423		1.00928354641e-05
621.00		621.0		0.00108821283489		7.00794341012e-05		1.50485342389e-06		5.22916742e-09		0.0156735180938		9.97708656593e-06
622.00		622.0		0.00108687742399		6.95665200328e-05		1.50387552931e-06		5.19440889587e-09		0.0155337888605		9.86304407355e-06
623.00		623.0		0.00108555243909		6.90591308589e-05		1.50290490092e-06		5.16003891144e-09		0.0153957398918		9.75067836058e-06
624.00		624.0		0.00108423776722		6.85571858923e-05		1.50194141196e-06		5.1260515686e-09		0.0152593451505		9.63995920669e-06
625.00		625.0		0.00108293326594		6.80606054693e-05		1.50098503903e-06		5.09244107413e-09		0.0151245789932		9.53085702401e-06
626.00		626.0		0.00108163884881		6.75693174779e-05		1.50003570128e-06		5.05920274769e-09		0.0149914176158		9.42334472386e-06
627.00		627.0		0.00108035442195		6.70832424453e-05		1.4990932918e-06		5.02633007397e-09		0.0148598357357		9.31739219661e-06
628.00		628.0		0.00107907981881		6.66023064439e-05		1.49815774426e-06		4.99381800226e-09		0.0147298094577		9.21297247471e-06
629.00		629.0		0.00107781497315		6.61264369015e-05		1.4972290011e-06		4.96166064264e-09		0.0146013153377		9.11005743206e-06
630.00		630.0		0.00107655972417		6.56555582882e-05		1.49630698008e-06		4.92985192559e-09		0.0144743294286		9.00861902064e-06
631.00		631.0		0.00107531405676		6.51896075201e-05		1.49539164259e-06		4.89838939389e-09		0.0143488306744		8.9086361688e-06
632.00		632.0		0.00107407779505		6.47285099316e-05		1.49448285691e-06		4.86726637113e-09		0.0142247956073		8.81008044418e-06
633.00		633.0		0.00107285088791		6.4272201295e-05		1.49358063984e-06		4.83647810051e-09		0.014102203198		8.7129272898e-06
634.00		634.0		0.0010716331885		6.38206146918e-05		1.49268484556e-06		4.80602006769e-09		0.0139810319602		8.61715292933e-06
635.00		635.0		0.00107042463172		6.33736804873e-05		1.49179547951e-06		4.77588659729e-09		0.0138612599491		8.52273184728e-06
636.00		636.0		0.00106922507834		6.29313398485e-05		1.49091241813e-06		4.74607404032e-09		0.0137428677167		8.42964249453e-06
637.00		637.0		0.00106803449468		6.24935246253e-05		1.49003558464e-06		4.7165776132e-09		0.0136258339057		8.33786161061e-06
638.00		638.0		0.00106685270461		6.20601731173e-05		1.48916495133e-06		4.68739136081e-09		0.0135101386967		8.24736420164e-06
639.00		639.0		0.00106567968384		6.16312279732e-05		1.4883004685e-06		4.65851215413e-09		0.0133957633397		8.15813058496e-06
640.00		640.0		0.00106451533365		6.12066294276e-05		1.48744206389e-06		4.62993685262e-09		0.0132826886779		8.07014132206e-06
641.00		641.0		0.00106335952534		6.07863129671e-05		1.48658967945e-06		4.60165858459e-09		0.0131708946453		7.98337076233e-06
642.00		642.0		0.00106221216934		6.03702231834e-05		1.48574319711e-06		4.57367411893e-09		0.0130603632709		7.89779991993e-06
643.00		643.0		0.00106107321621		5.99583070238e-05		1.48490262607e-06		4.54598098911e-09		0.012951077204		7.813411379e-06
644.00		644.0		0.00105994254046		5.95505021593e-05		1.48406787925e-06		4.51857219e-09		0.0128430172014		7.73018018698e-06
645.00		645.0		0.00105882008011		5.91467579907e-05		1.48323892363e-06		4.49144600151e-09		0.0127361666647		7.64809075982e-06
646.00		646.0		0.00105770576733		5.87470193962e-05		1.48241566645e-06		4.4645980685e-09		0.0126305081261		7.56712324412e-06
647.00		647.0		0.00105659948084		5.83512337853e-05		1.48159810942e-06		4.43802481747e-09		0.0125260247693		7.48725938217e-06
648.00		648.0		0.00105550114021		5.79593488006e-05		1.48078611666e-06		4.41172074032e-09		0.0124226999315		7.40847791629e-06
649.00		649.0		0.00105441065897		5.75713075556e-05		1.47997964751e-06		4.38568308363e-09		0.0123205160836		7.33076249875e-06
650.00		650.0		0.00105332799271		5.71870678369e-05		1.47917872071e-06		4.35990956604e-09		0.0122194589395		7.2540977834e-06
651.00		651.0		0.00105225304329		5.68065758439e-05		1.47838321562e-06		4.33439477886e-09		0.0121195118288		7.17846344365e-06
652.00		652.0		0.00105118570635		5.6429780539e-05		1.47759311062e-06		4.30913534538e-09		0.0120206587719		7.10384279415e-06
653.00		653.0		0.00105012594448		5.60566386275e-05		1.47680832369e-06		4.28412878024e-09		0.0119228855342		7.03022083815e-06
654.00		654.0		0.00104907366617		5.56871000355e-05		1.47602879278e-06		4.25937146995e-09		0.0118261765281		6.95758093217e-06
655.00		655.0		0.00104802877391		5.53211176428e-05		1.47525451844e-06		4.23485905025e-09		0.0117305168878		6.88590543914e-06
656.00		656.0		0.00104699123844		5.49586498549e-05		1.47448544105e-06		4.21058973003e-09		0.0116358930079		6.81518113319e-06
657.00		657.0		0.00104596095113		5.45996433359e-05		1.47372152303e-06		4.18655900105e-09		0.0115422888838		6.74539057766e-06
658.00		658.0		0.00104493784712		5.42440627623e-05		1.47296262263e-06		4.1627645083e-09		0.0114496924101		6.67652003395e-06
659.00		659.0		0.00104392185629		5.38918586148e-05		1.47220878976e-06		4.139202501e-09		0.0113580885632		6.60855371348e-06
660.00		660.0		0.00104291292833		5.35429921035e-05		1.47145997185e-06		4.115870415e-09		0.0112674646682		6.54147793009e-06
661.00		661.0		0.00104191095728		5.31974176986e-05		1.4707160536e-06		4.09276479474e-09		0.0111778067109		6.47527776678e-06
662.00		662.0		0.00104091588215		5.28550957277e-05		1.46997702997e-06		4.06988240283e-09		0.0110891019905		6.40993885271e-06
663.00		663.0		0.00103992766245		5.2515982304e-05		1.46924287841e-06		4.04722116025e-09		0.0110013370002		6.34544882679e-06
664.00		664.0		0.00103894620161		5.21800420966e-05		1.46851351399e-06		4.02477744002e-09		0.0109145001039		6.28179307022e-06
665.00		665.0		0.00103797144904		5.1847233065e-05		1.46778892163e-06		4.00254919269e-09		0.0108285783344		6.218959615e-06
666.00		666.0		0.00103700334937		5.15175166959e-05		1.46706902367e-06		3.9805332141e-09		0.0107435595379		6.15693486002e-06
667.00		667.0		0.00103604179031		5.11908502938e-05		1.46635381421e-06		3.95872619735e-09		0.0106594307625		6.095705229e-06
668.00		668.0		0.00103508675837		5.08672026008e-05		1.46564322459e-06		3.93712551265e-09		0.0105761815121		6.03525836706e-06
669.00		669.0		0.00103413818355		5.05465330575e-05		1.46493721368e-06		3.91572988397e-09		0.0104937994223		5.97558414757e-06
670.00		670.0		0.00103319596445		5.0228807447e-05		1.46423572261e-06		3.89453507443e-09		0.0104122735172		5.91666806908e-06
671.00		671.0		0.00103226012671		4.99139874546e-05		1.46353876808e-06		3.87354014909e-09		0.0103315920381		5.85850082615e-06
672.00		672.0		0.0010313305064		4.96020359207e-05		1.46284625671e-06		3.85274033715e-09		0.0102517435352		5.80106744799e-06
673.00		673.0		0.00103040709351		4.92929222354e-05		1.46215817131e-06		3.83213516402e-09		0.0101727179783		5.74435961558e-06
674.00		674.0		0.00102948982053		4.89866117585e-05		1.46147443029e-06		3.81172119386e-09		0.0100945045661		5.68836468508e-06
675.00		675.0		0.00102857866918		4.86830657462e-05		1.46079507853e-06		3.79149612005e-09		0.0100170917173		5.63307186207e-06
676.00		676.0		0.00102767353601		4.83822575426e-05		1.46012000072e-06		3.77145818021e-09		0.00994047040241		5.57847129676e-06
677.00		677.0		0.00102677433949		4.80841483634e-05		1.4594491604e-06		3.751603781e-09		0.00986462915711		5.52455056673e-06
678.00		678.0		0.00102588110254		4.77887089208e-05		1.4587825539e-06		3.73193202186e-09		0.00978955853015		5.47130136704e-06
679.00		679.0		0.00102499370777		4.74959059184e-05		1.45812016205e-06		3.71243992921e-09		0.009715248306		5.4187124647e-06
680.00		680.0		0.00102411211506		4.7205710256e-05		1.45746189979e-06		3.69312503635e-09		0.00964168918628		5.36677351314e-06
681.00		681.0		0.00102323628022		4.69180888261e-05		1.45680771482e-06		3.6739854569e-09		0.00956887110991		5.31547514032e-06
682.00		682.0		0.00102236612715		4.66330127915e-05		1.45615763987e-06		3.65501909736e-09		0.0094967849445		5.26480779428e-06
683.00		683.0		0.001021501631		4.6350449309e-05		1.45551159137e-06		3.63622375543e-09		0.00942542079654		5.2147618891e-06
684.00		684.0		0.00102064273514		4.60703754976e-05		1.45486957156e-06		3.61759784138e-09		0.00935477085315		5.16532883688e-06
685.00		685.0		0.00101978937869		4.57927532897e-05		1.4542314642e-06		3.59913796353e-09		0.00928482426799		5.11649759442e-06
686.00		686.0		0.00101894152486		4.551755744e-05		1.45359734426e-06		3.58084305041e-09		0.0092155728539		5.06826055232e-06
687.00		687.0		0.00101809910455		4.52447644423e-05		1.45296706368e-06		3.56271148913e-09		0.00914700882305		5.02060942879e-06
688.00		688.0		0.00101726207287		4.49743411525e-05		1.45234066797e-06		3.54474031233e-09		0.00907912248717		4.97353414426e-06
689.00		689.0		0.00101643038105		4.47062618108e-05		1.45171813626e-06		3.52692835987e-09		0.00901190570287		4.92702727832e-06
690.00		690.0		0.00101560397635		4.44404995718e-05		1.45109937901e-06		3.50927300966e-09		0.00894535015535		4.88107946599e-06
691.00		691.0		0.00101478283101		4.41770264942e-05		1.45048434427e-06		3.49177273115e-09		0.00887944735774		4.83568297694e-06
692.00		692.0		0.00101396688464		4.39158193465e-05		1.44987307387e-06		3.47442652763e-09		0.00881418981746		4.7908309122e-06
693.00		693.0		0.00101315607283		4.36568480421e-05		1.44926548695e-06		3.45723120673e-09		0.00874956871133		4.7465134397e-06
694.00		694.0		0.00101235035636		4.34000901682e-05		1.4486615974e-06		3.44018523945e-09		0.0086855768028		4.70272313354e-06
695.00		695.0		0.00101154972184		4.31455193841e-05		1.44806129416e-06		3.42328748418e-09		0.00862220611194		4.65945318656e-06
696.00		696.0		0.00101075412313		4.28931112651e-05		1.44746461812e-06		3.40653562892e-09		0.00855944908706		4.61669528668e-06
697.00		697.0		0.00100996345094		4.26428403858e-05		1.44687154123e-06		3.38992847406e-09		0.00849729802044		4.5744427304e-06
698.00		698.0		0.00100917774044		4.23946862795e-05		1.44628202127e-06		3.37346403602e-09		0.00843574623518		4.53268784119e-06
699.00		699.0		0.00100839687467		4.21486185735e-05		1.44569594404e-06		3.35714021121e-09		0.00837478512428		4.49142287941e-06
700.00		700.0		0.00100762088235		4.1904620865e-05		1.44511341037e-06		3.34095622155e-09		0.00831440890179		4.4506419701e-06
701.00		701.0		0.00100684966893		4.1662666854e-05		1.44453427777e-06		3.32490975074e-09		0.00825460985378		4.41033726543e-06
702.00		702.0		0.00100608322656		4.14227322835e-05		1.44395856276e-06		3.30899929828e-09		0.00819538071452		4.3705020966e-06
703.00		703.0		0.00100532148349		4.11847980444e-05		1.44338632856e-06		3.2932236206e-09		0.00813671527668		4.33113021454e-06
704.00		704.0		0.00100456442526		4.09488411129e-05		1.44281738923e-06		3.27758132601e-09		0.00807860659582		4.29221525129e-06
705.00		705.0		0.00100381197294		4.07148375516e-05		1.44225184057e-06		3.26207045207e-09		0.008021047587		4.25375017213e-06
706.00		706.0		0.00100306413619		4.04827686777e-05		1.44168952698e-06		3.24668923301e-09		0.00796403223909		4.21572828679e-06
707.00		707.0		0.00100232082916		4.02526118832e-05		1.44113051912e-06		3.2314366569e-09		0.00790755380386		4.17814396339e-06
708.00		708.0		0.0010015820553		4.00243436756e-05		1.44057481599e-06		3.21631108622e-09		0.00785160539775		4.14099083075e-06
709.00		709.0		0.00100084775294		3.97979490525e-05		1.44002234249e-06		3.20131128662e-09		0.00779618183916		4.10426311354e-06
710.00		710.0		0.00100011785678		3.95734028493e-05		1.4394730091e-06		3.186435574e-09		0.00774127598774		4.06795453144e-06
711.00		711.0		0.000999392360885		3.93506884558e-05		1.43892689924e-06		3.17168255163e-09		0.0076868824144		4.03205924761e-06
712.00		712.0		0.00099867125669		3.91297853399e-05		1.43838396062e-06		3.15705118589e-09		0.0076329949555		3.99657195579e-06
713.00		713.0		0.000997954437516		3.89106689741e-05		1.43784406393e-06		3.14253929857e-09		0.0075796067037		3.9614859692e-06
714.00		714.0		0.000997241920124		3.86933267311e-05		1.43730731989e-06		3.12814653182e-09		0.00752671310518		3.92679697203e-06
715.00		715.0		0.000996533654919		3.84777389007e-05		1.43677363744e-06		3.11387113326e-09		0.00747430825577		3.89249895166e-06
716.00		716.0		0.000995829588995		3.82638817699e-05		1.43624304076e-06		3.09971165823e-09		0.00742238550782		3.85858635362e-06
717.00		717.0		0.000995129730788		3.80517437204e-05		1.43571547775e-06		3.08566750501e-09		0.0073709405936		3.82505473608e-06
718.00		718.0		0.000994433989006		3.78412995091e-05		1.43519081753e-06		3.07173598976e-09		0.00731996663361		3.79189713649e-06
719.00		719.0		0.000993742366255		3.76325360828e-05		1.43466924482e-06		3.0579175026e-09		0.00726945914132		3.75911046279e-06
720.00		720.0		0.00099305479729		3.74254331923e-05		1.43415053831e-06		3.04420948809e-09		0.00721941226703		3.72668804476e-06
721.00		721.0		0.000992371279176		3.72199731169e-05		1.43363479455e-06		3.0306112414e-09		0.00716982068055		3.69462555552e-06
722.00		722.0		0.000991691773549		3.70161407262e-05		1.43312196639e-06		3.0171220838e-09		0.00712067957952		3.66291874873e-06
723.00		723.0		0.00099101623907		3.68139202263e-05		1.4326119941e-06		3.00373980082e-09		0.00707198406068		3.63156156896e-06
724.00		724.0		0.00099034463139		3.66132884941e-05		1.43210494215e-06		2.99046415242e-09		0.00702372784187		3.60055041588e-06
725.00		725.0		0.000989676936568		3.64142349964e-05		1.43160065879e-06		2.9772936333e-09		0.00697590708744		3.5698802097e-06
726.00		726.0		0.000989013138148		3.62167419141e-05		1.43109925486e-06		2.96422654179e-09		0.00692851658901		3.5395456983e-06
727.00		727.0		0.000988353149709		3.60207907414e-05		1.43060055362e-06		2.95126251345e-09		0.00688155103572		3.50954328513e-06
728.00		728.0		0.000987696982719		3.5826369051e-05		1.43010471461e-06		2.93840059802e-09		0.00683500630552		3.47986871816e-06
729.00		729.0		0.000987044578623		3.56334570301e-05		1.42961153656e-06		2.92563888609e-09		0.00678887689189		3.45051666346e-06
730.00		730.0		0.000986395978097		3.54420444025e-05		1.4291211588e-06		2.91297711903e-09		0.00674315913289		3.42148379337e-06
731.00		731.0		0.000985751048917		3.5252110068e-05		1.4286334264e-06		2.90041336992e-09		0.00669784733014		3.39276486337e-06
732.00		732.0		0.00098510982659		3.50636425365e-05		1.42814838667e-06		2.88794746116e-09		0.00665293763974		3.36435673313e-06
733.00		733.0		0.000984472241381		3.48766263105e-05		1.42766607773e-06		2.8755777479e-09		0.00660842547949		3.33625459205e-06
734.00		734.0		0.000983838289667		3.46910449328e-05		1.42718638157e-06		2.86330356322e-09		0.00656430611051		3.30845481911e-06
735.00		735.0		0.000983207965648		3.45068851547e-05		1.42670924046e-06		2.85112370258e-09		0.00652057542607		3.28095321497e-06
736.00		736.0		0.000982581191355		3.43241317619e-05		1.4262347335e-06		2.8390370018e-09		0.00647722897077		3.25374567655e-06
737.00		737.0		0.000981957955705		3.41427717559e-05		1.42576285689e-06		2.82704271457e-09		0.00643426273102		3.22682862639e-06
738.00		738.0		0.000981338245362		3.39627912323e-05		1.42529352116e-06		2.81514037758e-09		0.00639167254446		3.20019884905e-06
739.00		739.0		0.000980722009308		3.37841753687e-05		1.42482670018e-06		2.8033283038e-09		0.00634945409876		3.17385177828e-06
740.00		740.0		0.000980109229205		3.36069101907e-05		1.42436243352e-06		2.79160545238e-09		0.00630760326402		3.14778363313e-06
741.00		741.0		0.000979499920099		3.34309829528e-05		1.4239006749e-06		2.77997145256e-09		0.006266116163		3.12199142937e-06
742.00		742.0		0.000978893951883		3.32563800193e-05		1.42344136692e-06		2.76842515638e-09		0.00622498877271		3.09647134504e-06
743.00		743.0		0.000978291406294		3.30830890118e-05		1.42298451871e-06		2.75696570524e-09		0.00618421732687		3.07121992571e-06
744.00		744.0		0.000977692183734		3.29110955889e-05		1.42253012993e-06		2.74559214878e-09		0.00614379771298		3.0462336546e-06
745.00		745.0		0.000977096326159		3.27403870407e-05		1.42207819048e-06		2.73430344322e-09		0.0061037261448		3.02150895236e-06
746.00		746.0		0.000976503728543		3.25709519641e-05		1.42162868037e-06		2.72309892702e-09		0.00606399909966		2.99704270215e-06
747.00		747.0		0.000975914391953		3.2402777003e-05		1.42118148936e-06		2.7119778547e-09		0.00602461271066		2.97283172974e-06
748.00		748.0		0.000975328352284		3.22358490186e-05		1.42073673663e-06		2.70093891155e-09		0.0059855631719		2.94887227503e-06
749.00		749.0		0.000974745496623		3.20701573114e-05		1.42029429159e-06		2.68998181922e-09		0.00594684715016		2.92516175012e-06
750.00		750.0		0.000974165819406		3.19056884941e-05		1.41985425587e-06		2.67910524754e-09		0.00590846083223		2.90169645455e-06
751.00		751.0		0.000973589350273		3.17424320178e-05		1.41941647771e-06		2.66830900133e-09		0.00587040095017		2.87847395679e-06
752.00		752.0		0.00097301604285		3.1580375384e-05		1.41898104043e-06		2.65759182414e-09		0.00583266389332		2.8554907095e-06
753.00		753.0		0.000972445810707		3.14195063585e-05		1.41854785363e-06		2.6469528643e-09		0.00579524611895		2.8327436409e-06
754.00		754.0		0.000971878714653		3.12598133588e-05		1.41811689924e-06		2.63639118641e-09		0.00575814422318		2.81022962498e-06
755.00		755.0		0.000971314663599		3.11012866051e-05		1.41768831857e-06		2.62590686803e-09		0.00572135515179		2.78794664718e-06
756.00		756.0		0.000970753676937		3.09439136124e-05		1.4172619075e-06		2.61549822852e-09		0.0056848753697		2.76589085221e-06
757.00		757.0		0.000970195734514		3.07876829475e-05		1.41683770425e-06		2.60516476748e-09		0.00564870155355		2.74405967567e-06
758.00		758.0		0.00096964077586		3.06325854023e-05		1.41641573915e-06		2.59490617149e-09		0.00561283080518		2.72245077695e-06
759.00		759.0		0.000969088814515		3.04786086717e-05		1.41599594771e-06		2.58472119389e-09		0.00557725967496		2.70106086432e-06
760.00		760.0		0.000968539785444		3.03257423041e-05		1.4155783422e-06		2.57460919641e-09		0.00554198507019		2.67988731857e-06
761.00		761.0		0.000967993698182		3.01739758099e-05		1.41516283859e-06		2.56456946761e-09		0.00550700390749		2.65892747346e-06
762.00		762.0		0.000967450560696		3.00232994424e-05		1.41474951881e-06		2.55460148697e-09		0.00547231325504		2.63817888964e-06
763.00		763.0		0.000966910301405		2.98737018783e-05		1.41433828023e-06		2.54470457614e-09		0.00543790990941		2.61763899164e-06
764.00		764.0		0.000966372885029		2.97251733218e-05		1.41392918815e-06		2.53487762589e-09		0.00540379096164		2.597304791e-06
765.00		765.0		0.000965838352611		2.95777031827e-05		1.41352221083e-06		2.52512007544e-09		0.00536995337376		2.57717389418e-06
766.00		766.0		0.00096530666529		2.943128322e-05		1.41311730718e-06		2.51543184095e-09		0.00533639454962		2.55724441838e-06
767.00		767.0		0.000964777742334		2.92859012586e-05		1.41271442659e-06		2.50581132131e-09		0.00530311119416		2.53751296246e-06
768.00		768.0		0.000964251619335		2.91415494626e-05		1.41231360072e-06		2.49625866124e-09		0.00527010081427		2.51797792815e-06
769.00		769.0		0.000963728251		2.8998217243e-05		1.41191485373e-06		2.4867727541e-09		0.00523736043256		2.49863647374e-06
770.00		770.0		0.000963207669817		2.8855896015e-05		1.41151810891e-06		2.4773534385e-09		0.0052048874486		2.479486737e-06
771.00		771.0		0.000962689746302		2.8714574818e-05		1.41112337309e-06		2.46799918516e-09		0.00517267884745		2.46052551016e-06
772.00		772.0		0.000962174589576		2.85742463289e-05		1.41073064511e-06		2.45871026344e-09		0.00514073228426		2.44175141095e-06
773.00		773.0		0.000961662106228		2.84349000478e-05		1.4103398206e-06		2.44948566514e-09		0.00510904485551		2.42316180433e-06
774.00		774.0		0.000961152281179		2.82965271226e-05		1.40995107132e-06		2.44032459392e-09		0.0050776139683		2.40475429462e-06
775.00		775.0		0.000960645097543		2.81591183425e-05		1.4095641804e-06		2.43122676222e-09		0.00504643697895		2.3865270125e-06
776.00		776.0		0.000960140536618		2.8022665776e-05		1.40917920798e-06		2.42219143979e-09		0.00501551148625		2.36847767477e-06
777.00		777.0		0.000959638577861		2.78871603292e-05		1.40879620787e-06		2.41321831788e-09		0.00498483489368		2.35060443416e-06
778.00		778.0		0.000959139198875		2.77525925543e-05		1.4084151292e-06		2.40430624788e-09		0.00495440455482		2.33290464735e-06
779.00		779.0		0.000958642416873		2.76189547202e-05		1.40803591192e-06		2.39545509188e-09		0.00492421814296		2.31537667907e-06
780.00		780.0		0.000958148206176		2.74862387679e-05		1.40765858607e-06		2.38666406635e-09		0.00489427328488		2.29801828816e-06
781.00		781.0		0.000957656497401		2.73544350535e-05		1.40728317469e-06		2.37793292266e-09		0.00486456733773		2.28082777172e-06
782.00		782.0		0.000957167302526		2.72235365181e-05		1.406909593e-06		2.36926065624e-09		0.00483509813123		2.26380272152e-06
783.00		783.0		0.000956680590106		2.70935341072e-05		1.40653784774e-06		2.3606468005e-09		0.00480586315226		2.2469412693e-06
784.00		784.0		0.000956196369027		2.69644201192e-05		1.40616793818e-06		2.35209103715e-09		0.00477686014016		2.23024170716e-06
785.00		785.0		0.000955714604402		2.68361865369e-05		1.40579985602e-06		2.34359268858e-09		0.00474808678996		2.21370200517e-06
786.00		786.0		0.000955235301965		2.67088258772e-05		1.4054335852e-06		2.33515153347e-09		0.00471954090281		2.19732058511e-06
787.00		787.0		0.000954758423322		2.65823294941e-05		1.40506899783e-06		2.32676647083e-09		0.00469122008579		2.18109505974e-06
788.00		788.0		0.00095428392806		2.64566909945e-05		1.40470626917e-06		2.31843748039e-09		0.00466312235521		2.16502407899e-06
789.00		789.0		0.000953811816824		2.63319011131e-05		1.40434536099e-06		2.31016365768e-09		0.00463524523184		2.14910548251e-06
790.00		790.0		0.000953342132122		2.62079532845e-05		1.4039861208e-06		2.30194498767e-09		0.00460758672372		2.13333795897e-06
791.00		791.0		0.000952874741995		2.60848393564e-05		1.40362870475e-06		2.29378013491e-09		0.00458014457024		2.11771898979e-06
792.00		792.0		0.000952409729045		2.5962553485e-05		1.40327294385e-06		2.28566972848e-09		0.00455291692708		2.10224789352e-06
793.00		793.0		0.000951947044473		2.58410869314e-05		1.40291898149e-06		2.27761243012e-09		0.00452590145219		2.08692218865e-06
794.00		794.0		0.000951486681288		2.57204328419e-05		1.40256674022e-06		2.26960824081e-09		0.00449909614503		2.07174064592e-06
795.00		795.0		0.000951028586938		2.56005832e-05		1.40221613347e-06		2.26165602916e-09		0.00447249881201		2.05670101732e-06
796.00		796.0		0.000950572750975		2.54815327909e-05		1.40186717545e-06		2.25375580705e-09		0.00444610775945		2.04180211697e-06
797.00		797.0		0.00095011920587		2.53632739272e-05		1.40151998438e-06		2.24590743786e-09		0.00441992087118		2.02704263553e-06
798.00		798.0		0.000949667894072		2.52457990797e-05		1.40117445164e-06		2.23810996379e-09		0.00439393606929		2.01242053765e-06
799.00		799.0		0.000949218800587		2.51291017793e-05		1.40083045885e-06		2.23036270183e-09		0.00436815147047		1.99793405757e-06
800.00		800.0		0.000948771953803		2.5013175292e-05		1.40048821624e-06		2.22266593038e-09		0.00434256515486		1.98358230691e-06
801.00		801.0		0.000948327245942		2.48980130676e-05		1.40014759183e-06		2.21501864933e-09		0.00431717524408		1.96936326698e-06
802.00		802.0		0.000947884747359		2.47836078412e-05		1.39980855771e-06		2.20742025423e-09		0.0042919797453		1.95527529284e-06
803.00		803.0		0.000947444437311		2.46699538938e-05		1.39947107845e-06		2.19987100933e-09		0.00426697694303		1.94131752398e-06
804.00		804.0		0.000947006293457		2.45570448044e-05		1.39913534234e-06		2.192370109e-09		0.00424216500905		1.92748816546e-06
805.00		805.0		0.000946570246069		2.44448734392e-05		1.39880107005e-06		2.18491704142e-09		0.00421754200124		1.91378569985e-06
806.00		806.0		0.000946136315001		2.43334337791e-05		1.39846843706e-06		2.17751124726e-09		0.0041931061792		1.90020858435e-06
807.00		807.0		0.00094570451915		2.42227200211e-05		1.39813738086e-06		2.17015282597e-09		0.00416885584832		1.88675586544e-06
808.00		808.0		0.000945274830154		2.41127251957e-05		1.39780783078e-06		2.16284089677e-09		0.00414478912193		1.87342574842e-06
809.00		809.0		0.000944847217987		2.40034434717e-05		1.39747982712e-06		2.15557500047e-09		0.00412090431804		1.86021682276e-06
810.00		810.0		0.000944421650943		2.38948697131e-05		1.39715340467e-06		2.14835547356e-09		0.00409719988221		1.84712837683e-06
811.00		811.0		0.000943998142423		2.37869957501e-05		1.39682847174e-06		2.14118069499e-09		0.00407367374813		1.83415802662e-06
812.00		812.0		0.000943576657836		2.36798178424e-05		1.39650504947e-06		2.13405152333e-09		0.00405032461726		1.82130553357e-06
813.00		813.0		0.00094315720802		2.35733292192e-05		1.39618315309e-06		2.12696684928e-09		0.00402715067978		1.80856898352e-06
814.00		814.0		0.000942739802773		2.34675238116e-05		1.39586266876e-06		2.11992636536e-09		0.0040041502545		1.79594716394e-06
815.00		815.0		0.000942324355842		2.33623962683e-05		1.39554372109e-06		2.11292960095e-09		0.00398132179078		1.78343873673e-06
816.00		816.0		0.000941910873864		2.32579405407e-05		1.39522630688e-06		2.10597654075e-09		0.00395866362689		1.77104276072e-06
817.00		817.0		0.000941499410255		2.31541513083e-05		1.39491029124e-06		2.09906651125e-09		0.00393617423301		1.7587577515e-06
818.00		818.0		0.000941089873963		2.30510230338e-05		1.39459578187e-06		2.09219942211e-09		0.00391385205001		1.74658272772e-06
819.00		819.0		0.000940682316042		2.29485499613e-05		1.39428275607e-06		2.08537451584e-09		0.0038916954893		1.73451616213e-06
820.00		820.0		0.000940276642005		2.28467270825e-05		1.39397118438e-06		2.07859162443e-09		0.00386970309663		1.72255703293e-06
821.00		821.0		0.000939872949057		2.27455486959e-05		1.39366090201e-06		2.07185067431e-09		0.0038478733076		1.71070440598e-06
822.00		822.0		0.000939471091016		2.26450088834e-05		1.39335212172e-06		2.06515078519e-09		0.00382620452882		1.69895669187e-06
823.00		823.0		0.00093907116299		2.25451029763e-05		1.39304479537e-06		2.05849193592e-09		0.0038046953855		1.68731302342e-06
824.00		824.0		0.000938673113083		2.24458261077e-05		1.39273873681e-06		2.05187368346e-09		0.00378334447609		1.67577219649e-06
825.00		825.0		0.00093827693679		2.23471722254e-05		1.3924341441e-06		2.04529554518e-09		0.00376215020629		1.66433298719e-06
826.00		826.0		0.000937882628431		2.22491370392e-05		1.3921309494e-06		2.03875766023e-09		0.00374111128586		1.65299468861e-06
827.00		827.0		0.000937490131508		2.21517150782e-05		1.39182921045e-06		2.03225934375e-09		0.0037202262324		1.64175593356e-06
828.00		828.0		0.000937099487226		2.20549011646e-05		1.39152871246e-06		2.02580000026e-09		0.00369949361993		1.63061544177e-06
829.00		829.0		0.000936710636318		2.1958689922e-05		1.391229634e-06		2.01937939665e-09		0.00367891199604		1.61957223738e-06
830.00		830.0		0.000936323617919		2.18630777804e-05		1.39093188087e-06		2.01299808064e-09		0.00365848021761		1.60862597792e-06
831.00		831.0		0.000935938369951		2.17680579761e-05		1.39063548722e-06		2.00665440284e-09		0.0036381966132		1.59777457188e-06
832.00		832.0		0.000935554929434		2.16736280753e-05		1.39034048226e-06		2.00034925527e-09		0.00361806024227		1.58701796954e-06
833.00		833.0		0.000935173282151		2.15797814331e-05		1.39004675202e-06		1.9940813153e-09		0.00359806946664		1.57635436674e-06
834.00		834.0		0.000934793361715		2.14865137363e-05		1.38975431302e-06		1.98785086921e-09		0.00357822304428		1.56578324809e-06
835.00		835.0		0.000934415201905		2.13938215147e-05		1.38946314852e-06		1.98165790456e-09		0.00355851987935		1.55530386682e-06
836.00		836.0		0.000934038784678		2.13016980568e-05		1.38917332011e-06		1.97550125791e-09		0.00353895834277		1.54491458236e-06
837.00		837.0		0.000933664090692		2.12101400424e-05		1.38888478621e-06		1.96938098517e-09		0.00351953737595		1.53461472359e-06
838.00		838.0		0.00093329115094		2.11191429579e-05		1.38859754134e-06		1.96329683376e-09		0.00350025572758		1.52440338524e-06
839.00		839.0		0.000932919840367		2.10287010767e-05		1.38831156002e-06		1.95724809047e-09		0.00348111195151		1.51427931444e-06
840.00		840.0		0.000932550291146		2.09388121201e-05		1.38802686819e-06		1.9512355842e-09		0.00346210517859		1.50424246096e-06
841.00		841.0		0.000932182375371		2.08494700138e-05		1.38774342901e-06		1.94525825584e-09		0.00344323391693		1.49429132095e-06
842.00		842.0		0.000931816171819		2.07606705831e-05		1.38746122839e-06		1.93931543359e-09		0.0034244969951		1.4844247044e-06
843.00		843.0		0.000931451601695		2.06724100123e-05		1.38718027579e-06		1.93340743165e-09		0.00340589330635		1.47464218632e-06
844.00		844.0		0.000931088689597		2.05846843247e-05		1.3869005755e-06		1.92753425288e-09		0.00338742172273		1.46494310727e-06
845.00		845.0		0.000930727459491		2.04974883232e-05		1.38662209682e-06		1.92169483803e-09		0.00336908092097		1.45532600899e-06
846.00		846.0		0.000930367828442		2.04108187573e-05		1.38634483285e-06		1.91588927284e-09		0.00335086990368		1.44579031409e-06
847.00		847.0		0.000930009817999		2.03246706278e-05		1.38606880118e-06		1.91011717156e-09		0.00333278739141		1.43633509511e-06
848.00		848.0		0.000929653395545		2.02390403675e-05		1.38579395415e-06		1.90437872017e-09		0.00331483234531		1.42695986238e-06
849.00		849.0		0.000929298580737		2.01539231836e-05		1.38552031362e-06		1.89867287112e-09		0.00329700353089		1.41766320848e-06
850.00		850.0		0.000928945392558		2.00693168095e-05		1.38524786618e-06		1.89300020994e-09		0.00327930013227		1.40844495732e-06
851.00		851.0		0.000928593741152		1.99852145211e-05		1.38497660826e-06		1.88735946946e-09		0.00326172060992		1.39930355809e-06
852.00		852.0		0.000928243697254		1.99016153707e-05		1.38470653101e-06		1.88175164909e-09		0.00324426437316		1.39023915286e-06
853.00		853.0		0.000927895222745		1.98185133985e-05		1.38443762021e-06		1.87617541741e-09		0.003226930018		1.38125016229e-06
854.00		854.0		0.00092754827803		1.9735905197e-05		1.38416987182e-06		1.8706309538e-09		0.00320971656209		1.3723361341e-06
855.00		855.0		0.000927202876877		1.96537877635e-05		1.38390327659e-06		1.86511810564e-09		0.00319262309349		1.36349637631e-06
856.00		856.0		0.00092685897729		1.95721552072e-05		1.38363781999e-06		1.85963606229e-09		0.00317564823585		1.35472972389e-06
857.00		857.0		0.000926516646229		1.94910064313e-05		1.38337352984e-06		1.85418540542e-09		0.00315879139623		1.34603603561e-06
858.00		858.0		0.000926175784415		1.94103363516e-05		1.38311036554e-06		1.84876558862e-09		0.00314205133896		1.33741435284e-06
859.00		859.0		0.000925836457123		1.9330140833e-05		1.38284832888e-06		1.84337603171e-09		0.00312542698761		1.32886370282e-06
860.00		860.0		0.000925498618022		1.9250416708e-05		1.38258741668e-06		1.83801660628e-09		0.003108917427		1.32038344767e-06
861.00		861.0		0.000925162275245		1.91711601148e-05		1.38232760448e-06		1.83268732336e-09		0.00309252163421		1.31197305514e-06
862.00		862.0		0.00092482737995		1.90923687346e-05		1.38206892786e-06		1.82738784626e-09		0.00307623883968		1.30363174918e-06
863.00		863.0		0.000924493994523		1.9014037872e-05		1.38181133594e-06		1.82211813996e-09		0.00306006789493		1.29535897596e-06
864.00		864.0		0.000924162011566		1.89361632446e-05		1.38155483809e-06		1.81687731974e-09		0.00304400772321		1.28715358434e-06
865.00		865.0		0.00092383149168		1.88587432635e-05		1.38129943904e-06		1.81166612803e-09		0.0030280576852		1.2790155849e-06
866.00		866.0		0.000923502438461		1.87817728125e-05		1.38104512207e-06		1.80648346014e-09		0.00301221657887		1.27094368562e-06
867.00		867.0		0.000923174797503		1.8705249479e-05		1.38079188213e-06		1.80132934708e-09		0.00299648364075		1.26293740566e-06
868.00		868.0		0.000922848627558		1.86291695848e-05		1.38053970928e-06		1.79620380139e-09		0.00298085790847		1.25499625508e-06
869.00		869.0		0.000922523814593		1.85535298933e-05		1.38028858863e-06		1.79110647563e-09		0.00296533849465		1.2471194972e-06
870.00		870.0		0.000922200415489		1.84783276185e-05		1.38003855169e-06		1.78603733864e-09		0.00294992458788		1.23930662215e-06
871.00		871.0		0.0009218784291		1.84035575346e-05		1.37978953971e-06		1.78099564938e-09		0.00293461499149		1.23155663346e-06
872.00		872.0		0.000921557795243		1.83292183356e-05		1.37954159208e-06		1.77598184638e-09		0.00291940913858		1.22386935846e-06
873.00		873.0		0.000921238568835		1.82553062819e-05		1.3792946746e-06		1.77099513773e-09		0.00290430607769		1.21624377916e-06
874.00		874.0		0.000920920746146		1.81818175029e-05		1.37904880036e-06		1.76603574865e-09		0.00288930484091		1.208679585e-06
875.00		875.0		0.000920604263785		1.81087497594e-05		1.3788039428e-06		1.76110325574e-09		0.00287440472371		1.20117602461e-06
876.00		876.0		0.000920289115654		1.80360995239e-05		1.37856010573e-06		1.75619765198e-09		0.00285960482051		1.19373263738e-06
877.00		877.0		0.000919975353952		1.79638631431e-05		1.37831728848e-06		1.75131812646e-09		0.00284490420992		1.18634842182e-06
878.00		878.0		0.000919662912006		1.7892038025e-05		1.37807546789e-06		1.7464650358e-09		0.00283030214266		1.1790231758e-06
879.00		879.0		0.000919351781016		1.78206220621e-05		1.37783468802e-06		1.74163861904e-09		0.00281579794938		1.17175661833e-06
880.00		880.0		0.000919042011065		1.7749610053e-05		1.37759486226e-06		1.73683734071e-09		0.00280139047554		1.16454727997e-06
881.00		881.0		0.000918733532123		1.76790008512e-05		1.37735604376e-06		1.73206235435e-09		0.00278707921099		1.15739550563e-06
882.00		882.0		0.000918426332621		1.76087908122e-05		1.37711822732e-06		1.72731294829e-09		0.00277286325463		1.15030039106e-06
883.00		883.0		0.000918120460459		1.75389767733e-05		1.37688136624e-06		1.72258858104e-09		0.00275874178515		1.14326115478e-06
884.00		884.0		0.000917815902796		1.74695572744e-05		1.3766455013e-06		1.71788972307e-09		0.00274471425252		1.13627769291e-06
885.00		885.0		0.000917512645837		1.74005271149e-05		1.37641059507e-06		1.71321568e-09		0.00273077952212		1.12934913281e-06
886.00		886.0		0.000917210613802		1.73318852243e-05		1.37617666131e-06		1.70856642086e-09		0.00271693711191		1.12247504714e-06
887.00		887.0		0.000916909851583		1.72636273853e-05		1.37594367197e-06		1.70394155742e-09		0.00270318604931		1.11565477818e-06
888.00		888.0		0.000916610403922		1.71957517116e-05		1.37571165109e-06		1.69934145608e-09		0.00268952573067		1.10888816725e-06
889.00		889.0		0.000916312192112		1.71282556058e-05		1.37548056163e-06		1.69476538574e-09		0.00267595544398		1.10217434186e-06
890.00		890.0		0.000916015197478		1.70611351296e-05		1.37525041911e-06		1.69021333277e-09		0.00266247427117		1.09551290408e-06
891.00		891.0		0.000915719462415		1.69943893271e-05		1.37502121585e-06		1.68568544159e-09		0.00264908176318		1.08890356128e-06
892.00		892.0		0.000915424966872		1.69280140485e-05		1.37479293976e-06		1.68118120264e-09		0.00263577697567		1.08234560157e-06
893.00		893.0		0.000915131689783		1.68620068959e-05		1.37456559386e-06		1.67670025536e-09		0.002622559241		1.07583841613e-06
894.00		894.0		0.000914839609065		1.67963660003e-05		1.37433917704e-06		1.67224306135e-09		0.00260942797668		1.06938192796e-06
895.00		895.0		0.00091454876451		1.67310875147e-05		1.37411366424e-06		1.66780883169e-09		0.00259638229588		1.06297526198e-06
896.00		896.0		0.000914259132601		1.66661700005e-05		1.37388906548e-06		1.66339767921e-09		0.00258342168906		1.05661812563e-06
897.00		897.0		0.000913970688782		1.66016094024e-05		1.37366536691e-06		1.65900910451e-09		0.00257054524378		1.05030984059e-06
898.00		898.0		0.000913683470985		1.65374047243e-05		1.37344259046e-06		1.6546435876e-09		0.00255775252479		1.04405035365e-06
899.00		899.0		0.00091339738943		1.64735523433e-05		1.37322069385e-06		1.6503004723e-09		0.002545042693		1.03783889576e-06
900.00		900.0		0.000913112544321		1.64100498051e-05		1.37299969078e-06		1.64597972379e-09		0.00253241509337		1.03167509564e-06
901.00		901.0		0.000912828779774		1.63468958442e-05		1.37277957078e-06		1.64168121028e-09		0.00251986925703		1.02555852446e-06
902.00		902.0		0.000912546259091		1.62840865413e-05		1.37256033971e-06		1.637404865e-09		0.00250740430853		1.01948879766e-06
903.00		903.0		0.000912264824011		1.62216198021e-05		1.3723419582e-06		1.63315010932e-09		0.00249501965703		1.01346521625e-06
904.00		904.0		0.000911984637585		1.61594934442e-05		1.37212446521e-06		1.62891721078e-09		0.00248271470074		1.00748761201e-06
905.00		905.0		0.000911705539147		1.60977051963e-05		1.37190785478e-06		1.62470584367e-09		0.00247048882694		1.00155545143e-06
906.00		906.0		0.000911427560968		1.60362520456e-05		1.37169207487e-06		1.62051601851e-09		0.00245834131188		9.95668412799e-07
907.00		907.0		0.000911150735066		1.59751321898e-05		1.37147717402e-06		1.61634756329e-09		0.00244627162039		9.89826065085e-07
908.00		908.0		0.000910875027516		1.59143430876e-05		1.37126311298e-06		1.61220001226e-09		0.00243427910665		9.84027801887e-07
909.00		909.0		0.000910600403266		1.58538827659e-05		1.37104991183e-06		1.60807336737e-09		0.00242236321444		9.78273307575e-07
910.00		910.0		0.000910326958375		1.57937478454e-05		1.37083754427e-06		1.60396774621e-09		0.00241052317543		9.72562339057e-07
911.00		911.0		0.000910054590476		1.57339374996e-05		1.37062602282e-06		1.59988271555e-09		0.0023987586138		9.66894321845e-07
912.00		912.0		0.000909783328305		1.56744481726e-05		1.37041531296e-06		1.59581810186e-09		0.00238706873973		9.6126884372e-07
913.00		913.0		0.000909513133534		1.56152788769e-05		1.37020546302e-06		1.59177421713e-09		0.00237545315761		9.55685787731e-07
914.00		914.0		0.000909244033673		1.55564258772e-05		1.36999640879e-06		1.58775031304e-09		0.00236391105598		9.50144402275e-07
915.00		915.0		0.000908976055939		1.5497887351e-05		1.36978819129e-06		1.58374623031e-09		0.00235244191727		9.44644295286e-07
916.00		916.0		0.000908709159816		1.54396627463e-05		1.3695807821e-06		1.5797624152e-09		0.00234104541884		9.39185438235e-07
917.00		917.0		0.000908443235943		1.53817480676e-05		1.36937419307e-06		1.57579826183e-09		0.00232972071786		9.33767177898e-07
918.00		918.0		0.000908178444412		1.53241412498e-05		1.36916838774e-06		1.57185392418e-09		0.00231846726728		9.28389316791e-07
919.00		919.0		0.000907914742464		1.52668415105e-05		1.36896341541e-06		1.56792909577e-09		0.00230728471625		9.23051387371e-07
920.00		920.0		0.00090765201781		1.52098452715e-05		1.36875923205e-06		1.56402367804e-09		0.0022961722934		9.17753048632e-07
921.00		921.0		0.000907390430261		1.51531515982e-05		1.36855583461e-06		1.56013735266e-09		0.00228512962935		9.12493833962e-07
922.00		922.0		0.000907129797216		1.50967574291e-05		1.36835321635e-06		1.55627024112e-09		0.00227415603595		9.07273537693e-07
923.00		923.0		0.000906870209054		1.50406609919e-05		1.36815138982e-06		1.55242224794e-09		0.00226325102201		9.02091829265e-07
924.00		924.0		0.000906611687491		1.4984861133e-05		1.36795036426e-06		1.54859305491e-09		0.00225241419147		8.96948251914e-07
925.00		925.0		0.000906354184456		1.4929353856e-05		1.36775009886e-06		1.54478251158e-09		0.00224164472312		8.91842450191e-07
926.00		926.0		0.000906097650635		1.48741392431e-05		1.36755059528e-06		1.54099054628e-09		0.00223094241107		8.86774117149e-07
927.00		927.0		0.000905842175256		1.48192138337e-05		1.3673518752e-06		1.53721723918e-09		0.00222030651949		8.81743035463e-07
928.00		928.0		0.000905587707849		1.47645768785e-05		1.36715393354e-06		1.53346218666e-09		0.00220973672152		8.76748712608e-07
929.00		929.0		0.000905334267031		1.47102254596e-05		1.36695671397e-06		1.52972527462e-09		0.00219923236748		8.71790826013e-07
930.00		930.0		0.000905081729896		1.46561579852e-05		1.36676027518e-06		1.52600649495e-09		0.00218879300854		8.66869116081e-07
931.00		931.0		0.000904830254578		1.46023720871e-05		1.36656457732e-06		1.52230573173e-09		0.00217841808198		8.61983264172e-07
932.00		932.0		0.000904579787554		1.45488667405e-05		1.36636964885e-06		1.51862295224e-09		0.00216810722767		8.57133001331e-07
933.00		933.0		0.000904330202746		1.44956401479e-05		1.36617544237e-06		1.51495794152e-09		0.00215785997201		8.52317958209e-07
934.00		934.0		0.000904081657835		1.44426890125e-05		1.3659820039e-06		1.51131037106e-09		0.00214767562047		8.47537705191e-07
935.00		935.0		0.000903834096781		1.4390012101e-05		1.36578927863e-06		1.50768031268e-09		0.00213755378802		8.42792040643e-07
936.00		936.0		0.000903587462231		1.43376081185e-05		1.36559728138e-06		1.50406745786e-09		0.00212749408216		8.38080552303e-07
937.00		937.0		0.000903341767699		1.4285474987e-05		1.36540602387e-06		1.50047210248e-09		0.00211749599594		8.33403167599e-07
938.00		938.0		0.000903097098714		1.42336105568e-05		1.36521548973e-06		1.49689386301e-09		0.00210755901398		8.28759437487e-07
939.00		939.0		0.000902853323378		1.4182013333e-05		1.36502568402e-06		1.4933325885e-09		0.00209768271995		8.24149045734e-07
940.00		940.0		0.000902610453292		1.41306810288e-05		1.36483658328e-06		1.4897880637e-09		0.00208786658227		8.19571643555e-07
941.00		941.0		0.000902368572753		1.40796134778e-05		1.36464818563e-06		1.48626066812e-09		0.00207811038462		8.15027211524e-07
942.00		942.0		0.000902127619874		1.40288068014e-05		1.36446051139e-06		1.48274975742e-09		0.0020684133642		8.10515169595e-07
943.00		943.0		0.000901887604995		1.39782607071e-05		1.36427355236e-06		1.47925545919e-09		0.00205877528972		8.06035364516e-07
944.00		944.0		0.000901648538026		1.3927971904e-05		1.36408729686e-06		1.47577742897e-09		0.00204919548965		8.015873874e-07
945.00		945.0		0.000901410354393		1.38779407197e-05		1.36390170376e-06		1.47231590173e-09		0.00203967382712		7.97171147105e-07
946.00		946.0		0.000901173062432		1.38281637299e-05		1.36371683215e-06		1.46887066396e-09		0.00203020961503		7.92786310434e-07
947.00		947.0		0.000900936670035		1.37786411513e-05		1.36353266049e-06		1.46544156633e-09		0.00202080270317		7.88432581793e-07
948.00		948.0		0.000900701259403		1.37293694246e-05		1.3633491899e-06		1.46202855195e-09		0.00201145238875		7.84109717763e-07
949.00		949.0		0.000900466688252		1.36803471545e-05		1.36316636533e-06		1.45863131438e-09		0.00200215828862		7.79817343479e-07
950.00		950.0		0.00090023303764		1.36315736399e-05		1.36298423396e-06		1.45525001058e-09		0.00199292012279		7.75555334658e-07
